mode: atomic
github.com/devmatic-it/debcvescan/pkg/dpkg/dpkg.go:29.53,33.16 3 1
github.com/devmatic-it/debcvescan/pkg/dpkg/dpkg.go:37.2,41.21 5 1
github.com/devmatic-it/debcvescan/pkg/dpkg/dpkg.go:66.2,66.17 1 1
github.com/devmatic-it/debcvescan/pkg/dpkg/dpkg.go:33.16,34.13 1 0
github.com/devmatic-it/debcvescan/pkg/dpkg/dpkg.go:41.21,46.21 4 45248
github.com/devmatic-it/debcvescan/pkg/dpkg/dpkg.go:46.21,48.24 2 27914
github.com/devmatic-it/debcvescan/pkg/dpkg/dpkg.go:48.24,51.5 2 1819
github.com/devmatic-it/debcvescan/pkg/dpkg/dpkg.go:51.10,51.47 1 26095
github.com/devmatic-it/debcvescan/pkg/dpkg/dpkg.go:51.47,53.23 2 1112
github.com/devmatic-it/debcvescan/pkg/dpkg/dpkg.go:57.5,57.35 1 1112
github.com/devmatic-it/debcvescan/pkg/dpkg/dpkg.go:53.23,55.6 1 204
github.com/devmatic-it/debcvescan/pkg/dpkg/dpkg.go:58.10,58.30 1 24983
github.com/devmatic-it/debcvescan/pkg/dpkg/dpkg.go:58.30,59.45 1 1819
github.com/devmatic-it/debcvescan/pkg/dpkg/dpkg.go:59.45,61.6 1 1112
github.com/devmatic-it/debcvescan/pkg/dpkg/dpkg.go:70.52,75.32 3 9
github.com/devmatic-it/debcvescan/pkg/dpkg/dpkg.go:81.2,81.14 1 7
github.com/devmatic-it/debcvescan/pkg/dpkg/dpkg.go:75.32,76.56 1 9
github.com/devmatic-it/debcvescan/pkg/dpkg/dpkg.go:76.56,78.4 1 2
github.com/devmatic-it/debcvescan/pkg/analyzer/analyzer.go:48.43,50.2 1 0
github.com/devmatic-it/debcvescan/pkg/analyzer/analyzer.go:88.51,89.17 1 482
github.com/devmatic-it/debcvescan/pkg/analyzer/analyzer.go:91.30,92.13 1 42
github.com/devmatic-it/debcvescan/pkg/analyzer/analyzer.go:94.39,95.16 1 0
github.com/devmatic-it/debcvescan/pkg/analyzer/analyzer.go:97.33,98.14 1 0
github.com/devmatic-it/debcvescan/pkg/analyzer/analyzer.go:100.26,101.14 1 343
github.com/devmatic-it/debcvescan/pkg/analyzer/analyzer.go:103.36,104.16 1 97
github.com/devmatic-it/debcvescan/pkg/analyzer/analyzer.go:106.10,107.17 1 0
github.com/devmatic-it/debcvescan/pkg/analyzer/analyzer.go:112.75,115.16 3 1
github.com/devmatic-it/debcvescan/pkg/analyzer/analyzer.go:119.2,120.16 2 1
github.com/devmatic-it/debcvescan/pkg/analyzer/analyzer.go:124.2,124.61 1 1
github.com/devmatic-it/debcvescan/pkg/analyzer/analyzer.go:115.16,116.13 1 0
github.com/devmatic-it/debcvescan/pkg/analyzer/analyzer.go:120.16,121.13 1 0
github.com/devmatic-it/debcvescan/pkg/analyzer/analyzer.go:128.103,133.16 4 2
github.com/devmatic-it/debcvescan/pkg/analyzer/analyzer.go:137.2,139.37 3 2
github.com/devmatic-it/debcvescan/pkg/analyzer/analyzer.go:191.2,191.15 1 2
github.com/devmatic-it/debcvescan/pkg/analyzer/analyzer.go:133.16,134.13 1 0
github.com/devmatic-it/debcvescan/pkg/analyzer/analyzer.go:139.37,141.16 2 5718
github.com/devmatic-it/debcvescan/pkg/analyzer/analyzer.go:141.16,142.44 1 212
github.com/devmatic-it/debcvescan/pkg/analyzer/analyzer.go:142.44,143.51 1 4514
github.com/devmatic-it/debcvescan/pkg/analyzer/analyzer.go:143.51,144.86 1 22094
github.com/devmatic-it/debcvescan/pkg/analyzer/analyzer.go:148.6,149.90 2 21800
github.com/devmatic-it/debcvescan/pkg/analyzer/analyzer.go:144.86,145.15 1 294
github.com/devmatic-it/debcvescan/pkg/analyzer/analyzer.go:149.90,152.39 3 482
github.com/devmatic-it/debcvescan/pkg/analyzer/analyzer.go:157.7,157.23 1 482
github.com/devmatic-it/debcvescan/pkg/analyzer/analyzer.go:178.7,178.88 1 482
github.com/devmatic-it/debcvescan/pkg/analyzer/analyzer.go:182.7,182.26 1 482
github.com/devmatic-it/debcvescan/pkg/analyzer/analyzer.go:152.39,154.8 1 0
github.com/devmatic-it/debcvescan/pkg/analyzer/analyzer.go:158.17,160.13 2 343
github.com/devmatic-it/debcvescan/pkg/analyzer/analyzer.go:161.17,163.13 2 0
github.com/devmatic-it/debcvescan/pkg/analyzer/analyzer.go:164.19,166.13 2 0
github.com/devmatic-it/debcvescan/pkg/analyzer/analyzer.go:167.16,169.13 2 42
github.com/devmatic-it/debcvescan/pkg/analyzer/analyzer.go:170.19,172.13 2 97
github.com/devmatic-it/debcvescan/pkg/analyzer/analyzer.go:173.20,175.13 2 0
github.com/devmatic-it/debcvescan/pkg/analyzer/analyzer.go:178.88,180.8 1 385
mode: atomic
github.com/devmatic-it/debcvescan/pkg/dpkg/dpkg.go:30.53,34.16 3 1
github.com/devmatic-it/debcvescan/pkg/dpkg/dpkg.go:39.2,43.21 5 1
github.com/devmatic-it/debcvescan/pkg/dpkg/dpkg.go:68.2,68.17 1 1
github.com/devmatic-it/debcvescan/pkg/dpkg/dpkg.go:34.16,37.3 2 0
github.com/devmatic-it/debcvescan/pkg/dpkg/dpkg.go:43.21,48.21 4 45248
github.com/devmatic-it/debcvescan/pkg/dpkg/dpkg.go:48.21,50.24 2 27914
github.com/devmatic-it/debcvescan/pkg/dpkg/dpkg.go:50.24,53.5 2 1819
github.com/devmatic-it/debcvescan/pkg/dpkg/dpkg.go:53.10,53.47 1 26095
github.com/devmatic-it/debcvescan/pkg/dpkg/dpkg.go:53.47,55.23 2 1112
github.com/devmatic-it/debcvescan/pkg/dpkg/dpkg.go:59.5,59.35 1 1112
github.com/devmatic-it/debcvescan/pkg/dpkg/dpkg.go:55.23,57.6 1 204
github.com/devmatic-it/debcvescan/pkg/dpkg/dpkg.go:60.10,60.30 1 24983
github.com/devmatic-it/debcvescan/pkg/dpkg/dpkg.go:60.30,61.45 1 1819
github.com/devmatic-it/debcvescan/pkg/dpkg/dpkg.go:61.45,63.6 1 1112
github.com/devmatic-it/debcvescan/pkg/dpkg/dpkg.go:72.52,77.32 3 9
github.com/devmatic-it/debcvescan/pkg/dpkg/dpkg.go:83.2,83.14 1 7
github.com/devmatic-it/debcvescan/pkg/dpkg/dpkg.go:77.32,78.56 1 9
github.com/devmatic-it/debcvescan/pkg/dpkg/dpkg.go:78.56,80.4 1 2
github.com/devmatic-it/debcvescan/pkg/analyzer/analyzer.go:48.43,50.2 1 0
github.com/devmatic-it/debcvescan/pkg/analyzer/analyzer.go:88.51,89.17 1 482
github.com/devmatic-it/debcvescan/pkg/analyzer/analyzer.go:91.30,92.13 1 42
github.com/devmatic-it/debcvescan/pkg/analyzer/analyzer.go:94.39,95.16 1 0
github.com/devmatic-it/debcvescan/pkg/analyzer/analyzer.go:97.33,98.14 1 0
github.com/devmatic-it/debcvescan/pkg/analyzer/analyzer.go:100.26,101.14 1 344
github.com/devmatic-it/debcvescan/pkg/analyzer/analyzer.go:103.36,104.16 1 96
github.com/devmatic-it/debcvescan/pkg/analyzer/analyzer.go:106.10,107.17 1 0
github.com/devmatic-it/debcvescan/pkg/analyzer/analyzer.go:112.75,115.16 3 1
github.com/devmatic-it/debcvescan/pkg/analyzer/analyzer.go:119.2,120.16 2 1
github.com/devmatic-it/debcvescan/pkg/analyzer/analyzer.go:124.2,124.61 1 1
github.com/devmatic-it/debcvescan/pkg/analyzer/analyzer.go:115.16,116.13 1 0
github.com/devmatic-it/debcvescan/pkg/analyzer/analyzer.go:120.16,121.13 1 0
github.com/devmatic-it/debcvescan/pkg/analyzer/analyzer.go:128.103,133.16 4 2
github.com/devmatic-it/debcvescan/pkg/analyzer/analyzer.go:137.2,139.37 3 2
github.com/devmatic-it/debcvescan/pkg/analyzer/analyzer.go:191.2,191.15 1 2
github.com/devmatic-it/debcvescan/pkg/analyzer/analyzer.go:133.16,134.13 1 0
github.com/devmatic-it/debcvescan/pkg/analyzer/analyzer.go:139.37,141.16 2 5718
github.com/devmatic-it/debcvescan/pkg/analyzer/analyzer.go:141.16,142.44 1 212
github.com/devmatic-it/debcvescan/pkg/analyzer/analyzer.go:142.44,143.51 1 4514
github.com/devmatic-it/debcvescan/pkg/analyzer/analyzer.go:143.51,144.86 1 22094
github.com/devmatic-it/debcvescan/pkg/analyzer/analyzer.go:148.6,149.90 2 21800
github.com/devmatic-it/debcvescan/pkg/analyzer/analyzer.go:144.86,145.15 1 294
github.com/devmatic-it/debcvescan/pkg/analyzer/analyzer.go:149.90,152.39 3 482
github.com/devmatic-it/debcvescan/pkg/analyzer/analyzer.go:157.7,157.23 1 482
github.com/devmatic-it/debcvescan/pkg/analyzer/analyzer.go:178.7,178.88 1 482
github.com/devmatic-it/debcvescan/pkg/analyzer/analyzer.go:182.7,182.26 1 482
github.com/devmatic-it/debcvescan/pkg/analyzer/analyzer.go:152.39,154.8 1 0
github.com/devmatic-it/debcvescan/pkg/analyzer/analyzer.go:158.17,160.13 2 344
github.com/devmatic-it/debcvescan/pkg/analyzer/analyzer.go:161.17,163.13 2 0
github.com/devmatic-it/debcvescan/pkg/analyzer/analyzer.go:164.19,166.13 2 0
github.com/devmatic-it/debcvescan/pkg/analyzer/analyzer.go:167.16,169.13 2 42
github.com/devmatic-it/debcvescan/pkg/analyzer/analyzer.go:170.19,172.13 2 96
github.com/devmatic-it/debcvescan/pkg/analyzer/analyzer.go:173.20,175.13 2 0
github.com/devmatic-it/debcvescan/pkg/analyzer/analyzer.go:178.88,180.8 1 386
mode: atomic
github.com/devmatic-it/debcvescan/pkg/dpkg/dpkg.go:30.53,34.16 3 1
github.com/devmatic-it/debcvescan/pkg/dpkg/dpkg.go:39.2,43.21 5 1
github.com/devmatic-it/debcvescan/pkg/dpkg/dpkg.go:68.2,68.17 1 1
github.com/devmatic-it/debcvescan/pkg/dpkg/dpkg.go:34.16,37.3 2 0
github.com/devmatic-it/debcvescan/pkg/dpkg/dpkg.go:43.21,48.21 4 45248
github.com/devmatic-it/debcvescan/pkg/dpkg/dpkg.go:48.21,50.24 2 27914
github.com/devmatic-it/debcvescan/pkg/dpkg/dpkg.go:50.24,53.5 2 1819
github.com/devmatic-it/debcvescan/pkg/dpkg/dpkg.go:53.10,53.47 1 26095
github.com/devmatic-it/debcvescan/pkg/dpkg/dpkg.go:53.47,55.23 2 1112
github.com/devmatic-it/debcvescan/pkg/dpkg/dpkg.go:59.5,59.35 1 1112
github.com/devmatic-it/debcvescan/pkg/dpkg/dpkg.go:55.23,57.6 1 204
github.com/devmatic-it/debcvescan/pkg/dpkg/dpkg.go:60.10,60.30 1 24983
github.com/devmatic-it/debcvescan/pkg/dpkg/dpkg.go:60.30,61.45 1 1819
github.com/devmatic-it/debcvescan/pkg/dpkg/dpkg.go:61.45,63.6 1 1112
github.com/devmatic-it/debcvescan/pkg/dpkg/dpkg.go:72.52,77.32 3 9
github.com/devmatic-it/debcvescan/pkg/dpkg/dpkg.go:83.2,83.14 1 7
github.com/devmatic-it/debcvescan/pkg/dpkg/dpkg.go:77.32,78.56 1 9
github.com/devmatic-it/debcvescan/pkg/dpkg/dpkg.go:78.56,80.4 1 2
github.com/devmatic-it/debcvescan/pkg/analyzer/analyzer.go:48.43,50.2 1 0
github.com/devmatic-it/debcvescan/pkg/analyzer/analyzer.go:88.51,89.17 1 482
github.com/devmatic-it/debcvescan/pkg/analyzer/analyzer.go:91.30,92.13 1 42
github.com/devmatic-it/debcvescan/pkg/analyzer/analyzer.go:94.39,95.16 1 0
github.com/devmatic-it/debcvescan/pkg/analyzer/analyzer.go:97.33,98.14 1 0
github.com/devmatic-it/debcvescan/pkg/analyzer/analyzer.go:100.26,101.14 1 343
github.com/devmatic-it/debcvescan/pkg/analyzer/analyzer.go:103.36,104.16 1 97
github.com/devmatic-it/debcvescan/pkg/analyzer/analyzer.go:106.10,107.17 1 0
github.com/devmatic-it/debcvescan/pkg/analyzer/analyzer.go:112.75,115.16 3 1
github.com/devmatic-it/debcvescan/pkg/analyzer/analyzer.go:119.2,120.16 2 1
github.com/devmatic-it/debcvescan/pkg/analyzer/analyzer.go:124.2,124.61 1 1
github.com/devmatic-it/debcvescan/pkg/analyzer/analyzer.go:115.16,116.13 1 0
github.com/devmatic-it/debcvescan/pkg/analyzer/analyzer.go:120.16,121.13 1 0
github.com/devmatic-it/debcvescan/pkg/analyzer/analyzer.go:128.103,133.16 4 2
github.com/devmatic-it/debcvescan/pkg/analyzer/analyzer.go:137.2,139.37 3 2
github.com/devmatic-it/debcvescan/pkg/analyzer/analyzer.go:191.2,191.15 1 2
github.com/devmatic-it/debcvescan/pkg/analyzer/analyzer.go:133.16,134.13 1 0
github.com/devmatic-it/debcvescan/pkg/analyzer/analyzer.go:139.37,141.16 2 5718
github.com/devmatic-it/debcvescan/pkg/analyzer/analyzer.go:141.16,142.44 1 212
github.com/devmatic-it/debcvescan/pkg/analyzer/analyzer.go:142.44,143.51 1 4514
github.com/devmatic-it/debcvescan/pkg/analyzer/analyzer.go:143.51,144.86 1 22094
github.com/devmatic-it/debcvescan/pkg/analyzer/analyzer.go:148.6,149.90 2 21800
github.com/devmatic-it/debcvescan/pkg/analyzer/analyzer.go:144.86,145.15 1 294
github.com/devmatic-it/debcvescan/pkg/analyzer/analyzer.go:149.90,152.39 3 482
github.com/devmatic-it/debcvescan/pkg/analyzer/analyzer.go:157.7,157.23 1 482
github.com/devmatic-it/debcvescan/pkg/analyzer/analyzer.go:178.7,178.88 1 482
github.com/devmatic-it/debcvescan/pkg/analyzer/analyzer.go:182.7,182.26 1 482
github.com/devmatic-it/debcvescan/pkg/analyzer/analyzer.go:152.39,154.8 1 0
github.com/devmatic-it/debcvescan/pkg/analyzer/analyzer.go:158.17,160.13 2 343
github.com/devmatic-it/debcvescan/pkg/analyzer/analyzer.go:161.17,163.13 2 0
github.com/devmatic-it/debcvescan/pkg/analyzer/analyzer.go:164.19,166.13 2 0
github.com/devmatic-it/debcvescan/pkg/analyzer/analyzer.go:167.16,169.13 2 42
github.com/devmatic-it/debcvescan/pkg/analyzer/analyzer.go:170.19,172.13 2 97
github.com/devmatic-it/debcvescan/pkg/analyzer/analyzer.go:173.20,175.13 2 0
github.com/devmatic-it/debcvescan/pkg/analyzer/analyzer.go:178.88,180.8 1 385
mode: atomic
github.com/devmatic-it/debcvescan/pkg/dpkg/dpkg.go:30.53,34.16 3 1
github.com/devmatic-it/debcvescan/pkg/dpkg/dpkg.go:39.2,43.21 5 1
github.com/devmatic-it/debcvescan/pkg/dpkg/dpkg.go:68.2,68.17 1 1
github.com/devmatic-it/debcvescan/pkg/dpkg/dpkg.go:34.16,37.3 2 0
github.com/devmatic-it/debcvescan/pkg/dpkg/dpkg.go:43.21,48.21 4 45248
github.com/devmatic-it/debcvescan/pkg/dpkg/dpkg.go:48.21,50.24 2 27914
github.com/devmatic-it/debcvescan/pkg/dpkg/dpkg.go:50.24,53.5 2 1819
github.com/devmatic-it/debcvescan/pkg/dpkg/dpkg.go:53.10,53.47 1 26095
github.com/devmatic-it/debcvescan/pkg/dpkg/dpkg.go:53.47,55.23 2 1112
github.com/devmatic-it/debcvescan/pkg/dpkg/dpkg.go:59.5,59.35 1 1112
github.com/devmatic-it/debcvescan/pkg/dpkg/dpkg.go:55.23,57.6 1 204
github.com/devmatic-it/debcvescan/pkg/dpkg/dpkg.go:60.10,60.30 1 24983
github.com/devmatic-it/debcvescan/pkg/dpkg/dpkg.go:60.30,61.45 1 1819
github.com/devmatic-it/debcvescan/pkg/dpkg/dpkg.go:61.45,63.6 1 1112
github.com/devmatic-it/debcvescan/pkg/dpkg/dpkg.go:72.52,77.32 3 9
github.com/devmatic-it/debcvescan/pkg/dpkg/dpkg.go:83.2,83.14 1 7
github.com/devmatic-it/debcvescan/pkg/dpkg/dpkg.go:77.32,78.56 1 9
github.com/devmatic-it/debcvescan/pkg/dpkg/dpkg.go:78.56,80.4 1 2
github.com/devmatic-it/debcvescan/pkg/analyzer/analyzer.go:48.43,50.2 1 0
github.com/devmatic-it/debcvescan/pkg/analyzer/analyzer.go:88.51,89.17 1 482
github.com/devmatic-it/debcvescan/pkg/analyzer/analyzer.go:91.30,92.13 1 42
github.com/devmatic-it/debcvescan/pkg/analyzer/analyzer.go:94.39,95.16 1 0
github.com/devmatic-it/debcvescan/pkg/analyzer/analyzer.go:97.33,98.14 1 0
github.com/devmatic-it/debcvescan/pkg/analyzer/analyzer.go:100.26,101.14 1 343
github.com/devmatic-it/debcvescan/pkg/analyzer/analyzer.go:103.36,104.16 1 97
github.com/devmatic-it/debcvescan/pkg/analyzer/analyzer.go:106.10,107.17 1 0
github.com/devmatic-it/debcvescan/pkg/analyzer/analyzer.go:112.75,115.16 3 1
github.com/devmatic-it/debcvescan/pkg/analyzer/analyzer.go:119.2,120.16 2 1
github.com/devmatic-it/debcvescan/pkg/analyzer/analyzer.go:124.2,124.61 1 1
github.com/devmatic-it/debcvescan/pkg/analyzer/analyzer.go:115.16,116.13 1 0
github.com/devmatic-it/debcvescan/pkg/analyzer/analyzer.go:120.16,121.13 1 0
github.com/devmatic-it/debcvescan/pkg/analyzer/analyzer.go:128.103,133.16 4 2
github.com/devmatic-it/debcvescan/pkg/analyzer/analyzer.go:137.2,139.37 3 2
github.com/devmatic-it/debcvescan/pkg/analyzer/analyzer.go:191.2,191.15 1 2
github.com/devmatic-it/debcvescan/pkg/analyzer/analyzer.go:133.16,134.13 1 0
github.com/devmatic-it/debcvescan/pkg/analyzer/analyzer.go:139.37,141.16 2 5718
github.com/devmatic-it/debcvescan/pkg/analyzer/analyzer.go:141.16,142.44 1 212
github.com/devmatic-it/debcvescan/pkg/analyzer/analyzer.go:142.44,143.51 1 4514
github.com/devmatic-it/debcvescan/pkg/analyzer/analyzer.go:143.51,144.86 1 22094
github.com/devmatic-it/debcvescan/pkg/analyzer/analyzer.go:148.6,149.90 2 21800
github.com/devmatic-it/debcvescan/pkg/analyzer/analyzer.go:144.86,145.15 1 294
github.com/devmatic-it/debcvescan/pkg/analyzer/analyzer.go:149.90,152.39 3 482
github.com/devmatic-it/debcvescan/pkg/analyzer/analyzer.go:157.7,157.23 1 482
github.com/devmatic-it/debcvescan/pkg/analyzer/analyzer.go:178.7,178.88 1 482
github.com/devmatic-it/debcvescan/pkg/analyzer/analyzer.go:182.7,182.26 1 482
github.com/devmatic-it/debcvescan/pkg/analyzer/analyzer.go:152.39,154.8 1 0
github.com/devmatic-it/debcvescan/pkg/analyzer/analyzer.go:158.17,160.13 2 343
github.com/devmatic-it/debcvescan/pkg/analyzer/analyzer.go:161.17,163.13 2 0
github.com/devmatic-it/debcvescan/pkg/analyzer/analyzer.go:164.19,166.13 2 0
github.com/devmatic-it/debcvescan/pkg/analyzer/analyzer.go:167.16,169.13 2 42
github.com/devmatic-it/debcvescan/pkg/analyzer/analyzer.go:170.19,172.13 2 97
github.com/devmatic-it/debcvescan/pkg/analyzer/analyzer.go:173.20,175.13 2 0
github.com/devmatic-it/debcvescan/pkg/analyzer/analyzer.go:178.88,180.8 1 385
mode: atomic
github.com/devmatic-it/debcvescan/pkg/dpkg/dpkg.go:30.53,34.16 3 1
github.com/devmatic-it/debcvescan/pkg/dpkg/dpkg.go:39.2,43.21 5 1
github.com/devmatic-it/debcvescan/pkg/dpkg/dpkg.go:68.2,68.17 1 1
github.com/devmatic-it/debcvescan/pkg/dpkg/dpkg.go:34.16,37.3 2 0
github.com/devmatic-it/debcvescan/pkg/dpkg/dpkg.go:43.21,48.21 4 45248
github.com/devmatic-it/debcvescan/pkg/dpkg/dpkg.go:48.21,50.24 2 27914
github.com/devmatic-it/debcvescan/pkg/dpkg/dpkg.go:50.24,53.5 2 1819
github.com/devmatic-it/debcvescan/pkg/dpkg/dpkg.go:53.10,53.47 1 26095
github.com/devmatic-it/debcvescan/pkg/dpkg/dpkg.go:53.47,55.23 2 1112
github.com/devmatic-it/debcvescan/pkg/dpkg/dpkg.go:59.5,59.35 1 1112
github.com/devmatic-it/debcvescan/pkg/dpkg/dpkg.go:55.23,57.6 1 204
github.com/devmatic-it/debcvescan/pkg/dpkg/dpkg.go:60.10,60.30 1 24983
github.com/devmatic-it/debcvescan/pkg/dpkg/dpkg.go:60.30,61.45 1 1819
github.com/devmatic-it/debcvescan/pkg/dpkg/dpkg.go:61.45,63.6 1 1112
github.com/devmatic-it/debcvescan/pkg/dpkg/dpkg.go:72.52,77.32 3 9
github.com/devmatic-it/debcvescan/pkg/dpkg/dpkg.go:83.2,83.14 1 7
github.com/devmatic-it/debcvescan/pkg/dpkg/dpkg.go:77.32,78.56 1 9
github.com/devmatic-it/debcvescan/pkg/dpkg/dpkg.go:78.56,80.4 1 2
github.com/devmatic-it/debcvescan/pkg/analyzer/analyzer.go:48.43,50.2 1 0
github.com/devmatic-it/debcvescan/pkg/analyzer/analyzer.go:88.51,89.17 1 482
github.com/devmatic-it/debcvescan/pkg/analyzer/analyzer.go:91.30,92.13 1 42
github.com/devmatic-it/debcvescan/pkg/analyzer/analyzer.go:94.39,95.16 1 0
github.com/devmatic-it/debcvescan/pkg/analyzer/analyzer.go:97.33,98.14 1 0
github.com/devmatic-it/debcvescan/pkg/analyzer/analyzer.go:100.26,101.14 1 344
github.com/devmatic-it/debcvescan/pkg/analyzer/analyzer.go:103.36,104.16 1 96
github.com/devmatic-it/debcvescan/pkg/analyzer/analyzer.go:106.10,107.17 1 0
github.com/devmatic-it/debcvescan/pkg/analyzer/analyzer.go:112.75,115.16 3 1
github.com/devmatic-it/debcvescan/pkg/analyzer/analyzer.go:119.2,120.16 2 1
github.com/devmatic-it/debcvescan/pkg/analyzer/analyzer.go:124.2,124.61 1 1
github.com/devmatic-it/debcvescan/pkg/analyzer/analyzer.go:115.16,116.13 1 0
github.com/devmatic-it/debcvescan/pkg/analyzer/analyzer.go:120.16,121.13 1 0
github.com/devmatic-it/debcvescan/pkg/analyzer/analyzer.go:128.103,133.16 4 2
github.com/devmatic-it/debcvescan/pkg/analyzer/analyzer.go:137.2,139.37 3 2
github.com/devmatic-it/debcvescan/pkg/analyzer/analyzer.go:191.2,191.15 1 2
github.com/devmatic-it/debcvescan/pkg/analyzer/analyzer.go:133.16,134.13 1 0
github.com/devmatic-it/debcvescan/pkg/analyzer/analyzer.go:139.37,141.16 2 5718
github.com/devmatic-it/debcvescan/pkg/analyzer/analyzer.go:141.16,142.44 1 212
github.com/devmatic-it/debcvescan/pkg/analyzer/analyzer.go:142.44,143.51 1 4514
github.com/devmatic-it/debcvescan/pkg/analyzer/analyzer.go:143.51,144.86 1 22094
github.com/devmatic-it/debcvescan/pkg/analyzer/analyzer.go:148.6,149.90 2 21800
github.com/devmatic-it/debcvescan/pkg/analyzer/analyzer.go:144.86,145.15 1 294
github.com/devmatic-it/debcvescan/pkg/analyzer/analyzer.go:149.90,152.39 3 482
github.com/devmatic-it/debcvescan/pkg/analyzer/analyzer.go:157.7,157.23 1 482
github.com/devmatic-it/debcvescan/pkg/analyzer/analyzer.go:178.7,178.88 1 482
github.com/devmatic-it/debcvescan/pkg/analyzer/analyzer.go:182.7,182.26 1 482
github.com/devmatic-it/debcvescan/pkg/analyzer/analyzer.go:152.39,154.8 1 0
github.com/devmatic-it/debcvescan/pkg/analyzer/analyzer.go:158.17,160.13 2 344
github.com/devmatic-it/debcvescan/pkg/analyzer/analyzer.go:161.17,163.13 2 0
github.com/devmatic-it/debcvescan/pkg/analyzer/analyzer.go:164.19,166.13 2 0
github.com/devmatic-it/debcvescan/pkg/analyzer/analyzer.go:167.16,169.13 2 42
github.com/devmatic-it/debcvescan/pkg/analyzer/analyzer.go:170.19,172.13 2 96
github.com/devmatic-it/debcvescan/pkg/analyzer/analyzer.go:173.20,175.13 2 0
github.com/devmatic-it/debcvescan/pkg/analyzer/analyzer.go:178.88,180.8 1 386
mode: atomic
github.com/devmatic-it/debcvescan/pkg/dpkg/dpkg.go:30.53,34.16 3 1
github.com/devmatic-it/debcvescan/pkg/dpkg/dpkg.go:39.2,43.21 5 1
github.com/devmatic-it/debcvescan/pkg/dpkg/dpkg.go:68.2,68.17 1 1
github.com/devmatic-it/debcvescan/pkg/dpkg/dpkg.go:34.16,37.3 2 0
github.com/devmatic-it/debcvescan/pkg/dpkg/dpkg.go:43.21,48.21 4 45248
github.com/devmatic-it/debcvescan/pkg/dpkg/dpkg.go:48.21,50.24 2 27914
github.com/devmatic-it/debcvescan/pkg/dpkg/dpkg.go:50.24,53.5 2 1819
github.com/devmatic-it/debcvescan/pkg/dpkg/dpkg.go:53.10,53.47 1 26095
github.com/devmatic-it/debcvescan/pkg/dpkg/dpkg.go:53.47,55.23 2 1112
github.com/devmatic-it/debcvescan/pkg/dpkg/dpkg.go:59.5,59.35 1 1112
github.com/devmatic-it/debcvescan/pkg/dpkg/dpkg.go:55.23,57.6 1 204
github.com/devmatic-it/debcvescan/pkg/dpkg/dpkg.go:60.10,60.30 1 24983
github.com/devmatic-it/debcvescan/pkg/dpkg/dpkg.go:60.30,61.45 1 1819
github.com/devmatic-it/debcvescan/pkg/dpkg/dpkg.go:61.45,63.6 1 1112
github.com/devmatic-it/debcvescan/pkg/dpkg/dpkg.go:72.52,77.32 3 9
github.com/devmatic-it/debcvescan/pkg/dpkg/dpkg.go:83.2,83.14 1 7
github.com/devmatic-it/debcvescan/pkg/dpkg/dpkg.go:77.32,78.56 1 9
github.com/devmatic-it/debcvescan/pkg/dpkg/dpkg.go:78.56,80.4 1 2
github.com/devmatic-it/debcvescan/pkg/analyzer/analyzer.go:48.43,50.2 1 0
github.com/devmatic-it/debcvescan/pkg/analyzer/analyzer.go:88.51,89.17 1 482
github.com/devmatic-it/debcvescan/pkg/analyzer/analyzer.go:91.30,92.13 1 42
github.com/devmatic-it/debcvescan/pkg/analyzer/analyzer.go:94.39,95.16 1 0
github.com/devmatic-it/debcvescan/pkg/analyzer/analyzer.go:97.33,98.14 1 0
github.com/devmatic-it/debcvescan/pkg/analyzer/analyzer.go:100.26,101.14 1 344
github.com/devmatic-it/debcvescan/pkg/analyzer/analyzer.go:103.36,104.16 1 96
github.com/devmatic-it/debcvescan/pkg/analyzer/analyzer.go:106.10,107.17 1 0
github.com/devmatic-it/debcvescan/pkg/analyzer/analyzer.go:112.75,115.16 3 1
github.com/devmatic-it/debcvescan/pkg/analyzer/analyzer.go:119.2,120.16 2 1
github.com/devmatic-it/debcvescan/pkg/analyzer/analyzer.go:124.2,124.61 1 1
github.com/devmatic-it/debcvescan/pkg/analyzer/analyzer.go:115.16,116.13 1 0
github.com/devmatic-it/debcvescan/pkg/analyzer/analyzer.go:120.16,121.13 1 0
github.com/devmatic-it/debcvescan/pkg/analyzer/analyzer.go:128.103,133.16 4 2
github.com/devmatic-it/debcvescan/pkg/analyzer/analyzer.go:137.2,139.37 3 2
github.com/devmatic-it/debcvescan/pkg/analyzer/analyzer.go:191.2,191.15 1 2
github.com/devmatic-it/debcvescan/pkg/analyzer/analyzer.go:133.16,134.13 1 0
github.com/devmatic-it/debcvescan/pkg/analyzer/analyzer.go:139.37,141.16 2 5718
github.com/devmatic-it/debcvescan/pkg/analyzer/analyzer.go:141.16,142.44 1 212
github.com/devmatic-it/debcvescan/pkg/analyzer/analyzer.go:142.44,143.51 1 4514
github.com/devmatic-it/debcvescan/pkg/analyzer/analyzer.go:143.51,144.86 1 22094
github.com/devmatic-it/debcvescan/pkg/analyzer/analyzer.go:148.6,149.90 2 21800
github.com/devmatic-it/debcvescan/pkg/analyzer/analyzer.go:144.86,145.15 1 294
github.com/devmatic-it/debcvescan/pkg/analyzer/analyzer.go:149.90,152.39 3 482
github.com/devmatic-it/debcvescan/pkg/analyzer/analyzer.go:157.7,157.23 1 482
github.com/devmatic-it/debcvescan/pkg/analyzer/analyzer.go:178.7,178.88 1 482
github.com/devmatic-it/debcvescan/pkg/analyzer/analyzer.go:182.7,182.26 1 482
github.com/devmatic-it/debcvescan/pkg/analyzer/analyzer.go:152.39,154.8 1 0
github.com/devmatic-it/debcvescan/pkg/analyzer/analyzer.go:158.17,160.13 2 344
github.com/devmatic-it/debcvescan/pkg/analyzer/analyzer.go:161.17,163.13 2 0
github.com/devmatic-it/debcvescan/pkg/analyzer/analyzer.go:164.19,166.13 2 0
github.com/devmatic-it/debcvescan/pkg/analyzer/analyzer.go:167.16,169.13 2 42
github.com/devmatic-it/debcvescan/pkg/analyzer/analyzer.go:170.19,172.13 2 96
github.com/devmatic-it/debcvescan/pkg/analyzer/analyzer.go:173.20,175.13 2 0
github.com/devmatic-it/debcvescan/pkg/analyzer/analyzer.go:178.88,180.8 1 386
mode: atomic
github.com/devmatic-it/debcvescan/pkg/dpkg/dpkg.go:30.53,34.16 3 1
github.com/devmatic-it/debcvescan/pkg/dpkg/dpkg.go:39.2,43.21 5 1
github.com/devmatic-it/debcvescan/pkg/dpkg/dpkg.go:68.2,68.17 1 1
github.com/devmatic-it/debcvescan/pkg/dpkg/dpkg.go:34.16,37.3 2 0
github.com/devmatic-it/debcvescan/pkg/dpkg/dpkg.go:43.21,48.21 4 45248
github.com/devmatic-it/debcvescan/pkg/dpkg/dpkg.go:48.21,50.24 2 27914
github.com/devmatic-it/debcvescan/pkg/dpkg/dpkg.go:50.24,53.5 2 1819
github.com/devmatic-it/debcvescan/pkg/dpkg/dpkg.go:53.10,53.47 1 26095
github.com/devmatic-it/debcvescan/pkg/dpkg/dpkg.go:53.47,55.23 2 1112
github.com/devmatic-it/debcvescan/pkg/dpkg/dpkg.go:59.5,59.35 1 1112
github.com/devmatic-it/debcvescan/pkg/dpkg/dpkg.go:55.23,57.6 1 204
github.com/devmatic-it/debcvescan/pkg/dpkg/dpkg.go:60.10,60.30 1 24983
github.com/devmatic-it/debcvescan/pkg/dpkg/dpkg.go:60.30,61.45 1 1819
github.com/devmatic-it/debcvescan/pkg/dpkg/dpkg.go:61.45,63.6 1 1112
github.com/devmatic-it/debcvescan/pkg/dpkg/dpkg.go:72.52,77.32 3 9
github.com/devmatic-it/debcvescan/pkg/dpkg/dpkg.go:83.2,83.14 1 7
github.com/devmatic-it/debcvescan/pkg/dpkg/dpkg.go:77.32,78.56 1 9
github.com/devmatic-it/debcvescan/pkg/dpkg/dpkg.go:78.56,80.4 1 2
github.com/devmatic-it/debcvescan/pkg/analyzer/analyzer.go:48.43,50.2 1 0
github.com/devmatic-it/debcvescan/pkg/analyzer/analyzer.go:88.51,89.17 1 482
github.com/devmatic-it/debcvescan/pkg/analyzer/analyzer.go:91.30,92.13 1 42
github.com/devmatic-it/debcvescan/pkg/analyzer/analyzer.go:94.39,95.16 1 0
github.com/devmatic-it/debcvescan/pkg/analyzer/analyzer.go:97.33,98.14 1 0
github.com/devmatic-it/debcvescan/pkg/analyzer/analyzer.go:100.26,101.14 1 344
github.com/devmatic-it/debcvescan/pkg/analyzer/analyzer.go:103.36,104.16 1 96
github.com/devmatic-it/debcvescan/pkg/analyzer/analyzer.go:106.10,107.17 1 0
github.com/devmatic-it/debcvescan/pkg/analyzer/analyzer.go:112.75,115.16 3 1
github.com/devmatic-it/debcvescan/pkg/analyzer/analyzer.go:119.2,120.16 2 1
github.com/devmatic-it/debcvescan/pkg/analyzer/analyzer.go:124.2,124.61 1 1
github.com/devmatic-it/debcvescan/pkg/analyzer/analyzer.go:115.16,116.13 1 0
github.com/devmatic-it/debcvescan/pkg/analyzer/analyzer.go:120.16,121.13 1 0
github.com/devmatic-it/debcvescan/pkg/analyzer/analyzer.go:128.103,133.16 4 2
github.com/devmatic-it/debcvescan/pkg/analyzer/analyzer.go:137.2,139.37 3 2
github.com/devmatic-it/debcvescan/pkg/analyzer/analyzer.go:191.2,191.15 1 2
github.com/devmatic-it/debcvescan/pkg/analyzer/analyzer.go:133.16,134.13 1 0
github.com/devmatic-it/debcvescan/pkg/analyzer/analyzer.go:139.37,141.16 2 5718
github.com/devmatic-it/debcvescan/pkg/analyzer/analyzer.go:141.16,142.44 1 212
github.com/devmatic-it/debcvescan/pkg/analyzer/analyzer.go:142.44,143.51 1 4514
github.com/devmatic-it/debcvescan/pkg/analyzer/analyzer.go:143.51,144.86 1 22094
github.com/devmatic-it/debcvescan/pkg/analyzer/analyzer.go:148.6,149.90 2 21800
github.com/devmatic-it/debcvescan/pkg/analyzer/analyzer.go:144.86,145.15 1 294
github.com/devmatic-it/debcvescan/pkg/analyzer/analyzer.go:149.90,152.39 3 482
github.com/devmatic-it/debcvescan/pkg/analyzer/analyzer.go:157.7,157.23 1 482
github.com/devmatic-it/debcvescan/pkg/analyzer/analyzer.go:178.7,178.88 1 482
github.com/devmatic-it/debcvescan/pkg/analyzer/analyzer.go:182.7,182.26 1 482
github.com/devmatic-it/debcvescan/pkg/analyzer/analyzer.go:152.39,154.8 1 0
github.com/devmatic-it/debcvescan/pkg/analyzer/analyzer.go:158.17,160.13 2 344
github.com/devmatic-it/debcvescan/pkg/analyzer/analyzer.go:161.17,163.13 2 0
github.com/devmatic-it/debcvescan/pkg/analyzer/analyzer.go:164.19,166.13 2 0
github.com/devmatic-it/debcvescan/pkg/analyzer/analyzer.go:167.16,169.13 2 42
github.com/devmatic-it/debcvescan/pkg/analyzer/analyzer.go:170.19,172.13 2 96
github.com/devmatic-it/debcvescan/pkg/analyzer/analyzer.go:173.20,175.13 2 0
github.com/devmatic-it/debcvescan/pkg/analyzer/analyzer.go:178.88,180.8 1 386
mode: atomic
github.com/devmatic-it/debcvescan/pkg/dpkg/dpkg.go:30.53,34.16 3 1
github.com/devmatic-it/debcvescan/pkg/dpkg/dpkg.go:39.2,43.21 5 1
github.com/devmatic-it/debcvescan/pkg/dpkg/dpkg.go:68.2,68.17 1 1
github.com/devmatic-it/debcvescan/pkg/dpkg/dpkg.go:34.16,37.3 2 0
github.com/devmatic-it/debcvescan/pkg/dpkg/dpkg.go:43.21,48.21 4 45248
github.com/devmatic-it/debcvescan/pkg/dpkg/dpkg.go:48.21,50.24 2 27914
github.com/devmatic-it/debcvescan/pkg/dpkg/dpkg.go:50.24,53.5 2 1819
github.com/devmatic-it/debcvescan/pkg/dpkg/dpkg.go:53.10,53.47 1 26095
github.com/devmatic-it/debcvescan/pkg/dpkg/dpkg.go:53.47,55.23 2 1112
github.com/devmatic-it/debcvescan/pkg/dpkg/dpkg.go:59.5,59.35 1 1112
github.com/devmatic-it/debcvescan/pkg/dpkg/dpkg.go:55.23,57.6 1 204
github.com/devmatic-it/debcvescan/pkg/dpkg/dpkg.go:60.10,60.30 1 24983
github.com/devmatic-it/debcvescan/pkg/dpkg/dpkg.go:60.30,61.45 1 1819
github.com/devmatic-it/debcvescan/pkg/dpkg/dpkg.go:61.45,63.6 1 1112
github.com/devmatic-it/debcvescan/pkg/dpkg/dpkg.go:72.52,77.32 3 9
github.com/devmatic-it/debcvescan/pkg/dpkg/dpkg.go:83.2,83.14 1 7
github.com/devmatic-it/debcvescan/pkg/dpkg/dpkg.go:77.32,78.56 1 9
github.com/devmatic-it/debcvescan/pkg/dpkg/dpkg.go:78.56,80.4 1 2
github.com/devmatic-it/debcvescan/pkg/analyzer/analyzer.go:48.43,50.2 1 0
github.com/devmatic-it/debcvescan/pkg/analyzer/analyzer.go:88.51,89.17 1 482
github.com/devmatic-it/debcvescan/pkg/analyzer/analyzer.go:91.30,92.13 1 42
github.com/devmatic-it/debcvescan/pkg/analyzer/analyzer.go:94.39,95.16 1 0
github.com/devmatic-it/debcvescan/pkg/analyzer/analyzer.go:97.33,98.14 1 0
github.com/devmatic-it/debcvescan/pkg/analyzer/analyzer.go:100.26,101.14 1 343
github.com/devmatic-it/debcvescan/pkg/analyzer/analyzer.go:103.36,104.16 1 97
github.com/devmatic-it/debcvescan/pkg/analyzer/analyzer.go:106.10,107.17 1 0
github.com/devmatic-it/debcvescan/pkg/analyzer/analyzer.go:112.75,115.16 3 1
github.com/devmatic-it/debcvescan/pkg/analyzer/analyzer.go:119.2,120.16 2 1
github.com/devmatic-it/debcvescan/pkg/analyzer/analyzer.go:124.2,124.61 1 1
github.com/devmatic-it/debcvescan/pkg/analyzer/analyzer.go:115.16,116.13 1 0
github.com/devmatic-it/debcvescan/pkg/analyzer/analyzer.go:120.16,121.13 1 0
github.com/devmatic-it/debcvescan/pkg/analyzer/analyzer.go:128.103,133.16 4 2
github.com/devmatic-it/debcvescan/pkg/analyzer/analyzer.go:137.2,139.37 3 2
github.com/devmatic-it/debcvescan/pkg/analyzer/analyzer.go:191.2,191.15 1 2
github.com/devmatic-it/debcvescan/pkg/analyzer/analyzer.go:133.16,134.13 1 0
github.com/devmatic-it/debcvescan/pkg/analyzer/analyzer.go:139.37,141.16 2 5718
github.com/devmatic-it/debcvescan/pkg/analyzer/analyzer.go:141.16,142.44 1 212
github.com/devmatic-it/debcvescan/pkg/analyzer/analyzer.go:142.44,143.51 1 4514
github.com/devmatic-it/debcvescan/pkg/analyzer/analyzer.go:143.51,144.86 1 22094
github.com/devmatic-it/debcvescan/pkg/analyzer/analyzer.go:148.6,149.90 2 21800
github.com/devmatic-it/debcvescan/pkg/analyzer/analyzer.go:144.86,145.15 1 294
github.com/devmatic-it/debcvescan/pkg/analyzer/analyzer.go:149.90,152.39 3 482
github.com/devmatic-it/debcvescan/pkg/analyzer/analyzer.go:157.7,157.23 1 482
github.com/devmatic-it/debcvescan/pkg/analyzer/analyzer.go:178.7,178.88 1 482
github.com/devmatic-it/debcvescan/pkg/analyzer/analyzer.go:182.7,182.26 1 482
github.com/devmatic-it/debcvescan/pkg/analyzer/analyzer.go:152.39,154.8 1 0
github.com/devmatic-it/debcvescan/pkg/analyzer/analyzer.go:158.17,160.13 2 343
github.com/devmatic-it/debcvescan/pkg/analyzer/analyzer.go:161.17,163.13 2 0
github.com/devmatic-it/debcvescan/pkg/analyzer/analyzer.go:164.19,166.13 2 0
github.com/devmatic-it/debcvescan/pkg/analyzer/analyzer.go:167.16,169.13 2 42
github.com/devmatic-it/debcvescan/pkg/analyzer/analyzer.go:170.19,172.13 2 97
github.com/devmatic-it/debcvescan/pkg/analyzer/analyzer.go:173.20,175.13 2 0
github.com/devmatic-it/debcvescan/pkg/analyzer/analyzer.go:178.88,180.8 1 385
mode: atomic
github.com/devmatic-it/debcvescan/pkg/dpkg/dpkg.go:30.53,34.16 3 1
github.com/devmatic-it/debcvescan/pkg/dpkg/dpkg.go:39.2,43.21 5 1
github.com/devmatic-it/debcvescan/pkg/dpkg/dpkg.go:68.2,68.17 1 1
github.com/devmatic-it/debcvescan/pkg/dpkg/dpkg.go:34.16,37.3 2 0
github.com/devmatic-it/debcvescan/pkg/dpkg/dpkg.go:43.21,48.21 4 45248
github.com/devmatic-it/debcvescan/pkg/dpkg/dpkg.go:48.21,50.24 2 27914
github.com/devmatic-it/debcvescan/pkg/dpkg/dpkg.go:50.24,53.5 2 1819
github.com/devmatic-it/debcvescan/pkg/dpkg/dpkg.go:53.10,53.47 1 26095
github.com/devmatic-it/debcvescan/pkg/dpkg/dpkg.go:53.47,55.23 2 1112
github.com/devmatic-it/debcvescan/pkg/dpkg/dpkg.go:59.5,59.35 1 1112
github.com/devmatic-it/debcvescan/pkg/dpkg/dpkg.go:55.23,57.6 1 204
github.com/devmatic-it/debcvescan/pkg/dpkg/dpkg.go:60.10,60.30 1 24983
github.com/devmatic-it/debcvescan/pkg/dpkg/dpkg.go:60.30,61.45 1 1819
github.com/devmatic-it/debcvescan/pkg/dpkg/dpkg.go:61.45,63.6 1 1112
github.com/devmatic-it/debcvescan/pkg/dpkg/dpkg.go:72.52,77.32 3 9
github.com/devmatic-it/debcvescan/pkg/dpkg/dpkg.go:83.2,83.14 1 7
github.com/devmatic-it/debcvescan/pkg/dpkg/dpkg.go:77.32,78.56 1 9
github.com/devmatic-it/debcvescan/pkg/dpkg/dpkg.go:78.56,80.4 1 2
github.com/devmatic-it/debcvescan/pkg/analyzer/analyzer.go:48.43,50.2 1 0
github.com/devmatic-it/debcvescan/pkg/analyzer/analyzer.go:88.51,89.17 1 482
github.com/devmatic-it/debcvescan/pkg/analyzer/analyzer.go:91.30,92.13 1 42
github.com/devmatic-it/debcvescan/pkg/analyzer/analyzer.go:94.39,95.16 1 0
github.com/devmatic-it/debcvescan/pkg/analyzer/analyzer.go:97.33,98.14 1 0
github.com/devmatic-it/debcvescan/pkg/analyzer/analyzer.go:100.26,101.14 1 342
github.com/devmatic-it/debcvescan/pkg/analyzer/analyzer.go:103.36,104.16 1 98
github.com/devmatic-it/debcvescan/pkg/analyzer/analyzer.go:106.10,107.17 1 0
github.com/devmatic-it/debcvescan/pkg/analyzer/analyzer.go:112.75,115.16 3 1
github.com/devmatic-it/debcvescan/pkg/analyzer/analyzer.go:119.2,120.16 2 1
github.com/devmatic-it/debcvescan/pkg/analyzer/analyzer.go:124.2,124.61 1 1
github.com/devmatic-it/debcvescan/pkg/analyzer/analyzer.go:115.16,116.13 1 0
github.com/devmatic-it/debcvescan/pkg/analyzer/analyzer.go:120.16,121.13 1 0
github.com/devmatic-it/debcvescan/pkg/analyzer/analyzer.go:128.103,133.16 4 2
github.com/devmatic-it/debcvescan/pkg/analyzer/analyzer.go:137.2,139.37 3 2
github.com/devmatic-it/debcvescan/pkg/analyzer/analyzer.go:191.2,191.15 1 2
github.com/devmatic-it/debcvescan/pkg/analyzer/analyzer.go:133.16,134.13 1 0
github.com/devmatic-it/debcvescan/pkg/analyzer/analyzer.go:139.37,141.16 2 5718
github.com/devmatic-it/debcvescan/pkg/analyzer/analyzer.go:141.16,142.44 1 212
github.com/devmatic-it/debcvescan/pkg/analyzer/analyzer.go:142.44,143.51 1 4514
github.com/devmatic-it/debcvescan/pkg/analyzer/analyzer.go:143.51,144.86 1 22094
github.com/devmatic-it/debcvescan/pkg/analyzer/analyzer.go:148.6,149.90 2 21800
github.com/devmatic-it/debcvescan/pkg/analyzer/analyzer.go:144.86,145.15 1 294
github.com/devmatic-it/debcvescan/pkg/analyzer/analyzer.go:149.90,152.39 3 482
github.com/devmatic-it/debcvescan/pkg/analyzer/analyzer.go:157.7,157.23 1 482
github.com/devmatic-it/debcvescan/pkg/analyzer/analyzer.go:178.7,178.88 1 482
github.com/devmatic-it/debcvescan/pkg/analyzer/analyzer.go:182.7,182.26 1 482
github.com/devmatic-it/debcvescan/pkg/analyzer/analyzer.go:152.39,154.8 1 0
github.com/devmatic-it/debcvescan/pkg/analyzer/analyzer.go:158.17,160.13 2 342
github.com/devmatic-it/debcvescan/pkg/analyzer/analyzer.go:161.17,163.13 2 0
github.com/devmatic-it/debcvescan/pkg/analyzer/analyzer.go:164.19,166.13 2 0
github.com/devmatic-it/debcvescan/pkg/analyzer/analyzer.go:167.16,169.13 2 42
github.com/devmatic-it/debcvescan/pkg/analyzer/analyzer.go:170.19,172.13 2 98
github.com/devmatic-it/debcvescan/pkg/analyzer/analyzer.go:173.20,175.13 2 0
github.com/devmatic-it/debcvescan/pkg/analyzer/analyzer.go:178.88,180.8 1 384
mode: atomic
github.com/devmatic-it/debcvescan/pkg/dpkg/dpkg.go:30.53,34.16 3 1
github.com/devmatic-it/debcvescan/pkg/dpkg/dpkg.go:39.2,43.21 5 1
github.com/devmatic-it/debcvescan/pkg/dpkg/dpkg.go:68.2,68.17 1 1
github.com/devmatic-it/debcvescan/pkg/dpkg/dpkg.go:34.16,37.3 2 0
github.com/devmatic-it/debcvescan/pkg/dpkg/dpkg.go:43.21,48.21 4 45248
github.com/devmatic-it/debcvescan/pkg/dpkg/dpkg.go:48.21,50.24 2 27914
github.com/devmatic-it/debcvescan/pkg/dpkg/dpkg.go:50.24,53.5 2 1819
github.com/devmatic-it/debcvescan/pkg/dpkg/dpkg.go:53.10,53.47 1 26095
github.com/devmatic-it/debcvescan/pkg/dpkg/dpkg.go:53.47,55.23 2 1112
github.com/devmatic-it/debcvescan/pkg/dpkg/dpkg.go:59.5,59.35 1 1112
github.com/devmatic-it/debcvescan/pkg/dpkg/dpkg.go:55.23,57.6 1 204
github.com/devmatic-it/debcvescan/pkg/dpkg/dpkg.go:60.10,60.30 1 24983
github.com/devmatic-it/debcvescan/pkg/dpkg/dpkg.go:60.30,61.45 1 1819
github.com/devmatic-it/debcvescan/pkg/dpkg/dpkg.go:61.45,63.6 1 1112
github.com/devmatic-it/debcvescan/pkg/dpkg/dpkg.go:72.52,77.32 3 9
github.com/devmatic-it/debcvescan/pkg/dpkg/dpkg.go:83.2,83.14 1 7
github.com/devmatic-it/debcvescan/pkg/dpkg/dpkg.go:77.32,78.56 1 9
github.com/devmatic-it/debcvescan/pkg/dpkg/dpkg.go:78.56,80.4 1 2
github.com/devmatic-it/debcvescan/pkg/analyzer/analyzer.go:48.43,50.2 1 0
github.com/devmatic-it/debcvescan/pkg/analyzer/analyzer.go:88.51,89.17 1 482
github.com/devmatic-it/debcvescan/pkg/analyzer/analyzer.go:91.30,92.13 1 42
github.com/devmatic-it/debcvescan/pkg/analyzer/analyzer.go:94.39,95.16 1 0
github.com/devmatic-it/debcvescan/pkg/analyzer/analyzer.go:97.33,98.14 1 0
github.com/devmatic-it/debcvescan/pkg/analyzer/analyzer.go:100.26,101.14 1 343
github.com/devmatic-it/debcvescan/pkg/analyzer/analyzer.go:103.36,104.16 1 97
github.com/devmatic-it/debcvescan/pkg/analyzer/analyzer.go:106.10,107.17 1 0
github.com/devmatic-it/debcvescan/pkg/analyzer/analyzer.go:112.75,115.16 3 1
github.com/devmatic-it/debcvescan/pkg/analyzer/analyzer.go:119.2,120.16 2 1
github.com/devmatic-it/debcvescan/pkg/analyzer/analyzer.go:124.2,124.61 1 1
github.com/devmatic-it/debcvescan/pkg/analyzer/analyzer.go:115.16,116.13 1 0
github.com/devmatic-it/debcvescan/pkg/analyzer/analyzer.go:120.16,121.13 1 0
github.com/devmatic-it/debcvescan/pkg/analyzer/analyzer.go:128.103,133.16 4 2
github.com/devmatic-it/debcvescan/pkg/analyzer/analyzer.go:137.2,139.37 3 2
github.com/devmatic-it/debcvescan/pkg/analyzer/analyzer.go:191.2,191.15 1 2
github.com/devmatic-it/debcvescan/pkg/analyzer/analyzer.go:133.16,134.13 1 0
github.com/devmatic-it/debcvescan/pkg/analyzer/analyzer.go:139.37,141.16 2 5718
github.com/devmatic-it/debcvescan/pkg/analyzer/analyzer.go:141.16,142.44 1 212
github.com/devmatic-it/debcvescan/pkg/analyzer/analyzer.go:142.44,143.51 1 4514
github.com/devmatic-it/debcvescan/pkg/analyzer/analyzer.go:143.51,144.86 1 22094
github.com/devmatic-it/debcvescan/pkg/analyzer/analyzer.go:148.6,149.90 2 21800
github.com/devmatic-it/debcvescan/pkg/analyzer/analyzer.go:144.86,145.15 1 294
github.com/devmatic-it/debcvescan/pkg/analyzer/analyzer.go:149.90,152.39 3 482
github.com/devmatic-it/debcvescan/pkg/analyzer/analyzer.go:157.7,157.23 1 482
github.com/devmatic-it/debcvescan/pkg/analyzer/analyzer.go:178.7,178.88 1 482
github.com/devmatic-it/debcvescan/pkg/analyzer/analyzer.go:182.7,182.26 1 482
github.com/devmatic-it/debcvescan/pkg/analyzer/analyzer.go:152.39,154.8 1 0
github.com/devmatic-it/debcvescan/pkg/analyzer/analyzer.go:158.17,160.13 2 343
github.com/devmatic-it/debcvescan/pkg/analyzer/analyzer.go:161.17,163.13 2 0
github.com/devmatic-it/debcvescan/pkg/analyzer/analyzer.go:164.19,166.13 2 0
github.com/devmatic-it/debcvescan/pkg/analyzer/analyzer.go:167.16,169.13 2 42
github.com/devmatic-it/debcvescan/pkg/analyzer/analyzer.go:170.19,172.13 2 97
github.com/devmatic-it/debcvescan/pkg/analyzer/analyzer.go:173.20,175.13 2 0
github.com/devmatic-it/debcvescan/pkg/analyzer/analyzer.go:178.88,180.8 1 385
mode: atomic
github.com/devmatic-it/debcvescan/pkg/dpkg/dpkg.go:30.53,34.16 3 1
github.com/devmatic-it/debcvescan/pkg/dpkg/dpkg.go:39.2,43.21 5 1
github.com/devmatic-it/debcvescan/pkg/dpkg/dpkg.go:68.2,68.17 1 1
github.com/devmatic-it/debcvescan/pkg/dpkg/dpkg.go:34.16,37.3 2 0
github.com/devmatic-it/debcvescan/pkg/dpkg/dpkg.go:43.21,48.21 4 45248
github.com/devmatic-it/debcvescan/pkg/dpkg/dpkg.go:48.21,50.24 2 27914
github.com/devmatic-it/debcvescan/pkg/dpkg/dpkg.go:50.24,53.5 2 1819
github.com/devmatic-it/debcvescan/pkg/dpkg/dpkg.go:53.10,53.47 1 26095
github.com/devmatic-it/debcvescan/pkg/dpkg/dpkg.go:53.47,55.23 2 1112
github.com/devmatic-it/debcvescan/pkg/dpkg/dpkg.go:59.5,59.35 1 1112
github.com/devmatic-it/debcvescan/pkg/dpkg/dpkg.go:55.23,57.6 1 204
github.com/devmatic-it/debcvescan/pkg/dpkg/dpkg.go:60.10,60.30 1 24983
github.com/devmatic-it/debcvescan/pkg/dpkg/dpkg.go:60.30,61.45 1 1819
github.com/devmatic-it/debcvescan/pkg/dpkg/dpkg.go:61.45,63.6 1 1112
github.com/devmatic-it/debcvescan/pkg/dpkg/dpkg.go:72.52,77.32 3 9
github.com/devmatic-it/debcvescan/pkg/dpkg/dpkg.go:83.2,83.14 1 7
github.com/devmatic-it/debcvescan/pkg/dpkg/dpkg.go:77.32,78.56 1 9
github.com/devmatic-it/debcvescan/pkg/dpkg/dpkg.go:78.56,80.4 1 2
github.com/devmatic-it/debcvescan/pkg/analyzer/analyzer.go:49.43,51.2 1 0
github.com/devmatic-it/debcvescan/pkg/analyzer/analyzer.go:89.51,90.17 1 482
github.com/devmatic-it/debcvescan/pkg/analyzer/analyzer.go:92.30,93.13 1 42
github.com/devmatic-it/debcvescan/pkg/analyzer/analyzer.go:95.39,96.16 1 0
github.com/devmatic-it/debcvescan/pkg/analyzer/analyzer.go:98.33,99.14 1 0
github.com/devmatic-it/debcvescan/pkg/analyzer/analyzer.go:101.26,102.14 1 343
github.com/devmatic-it/debcvescan/pkg/analyzer/analyzer.go:104.36,105.16 1 97
github.com/devmatic-it/debcvescan/pkg/analyzer/analyzer.go:107.10,108.17 1 0
github.com/devmatic-it/debcvescan/pkg/analyzer/analyzer.go:113.75,116.16 2 1
github.com/devmatic-it/debcvescan/pkg/analyzer/analyzer.go:133.2,133.59 1 0
github.com/devmatic-it/debcvescan/pkg/analyzer/analyzer.go:116.16,120.17 3 1
github.com/devmatic-it/debcvescan/pkg/analyzer/analyzer.go:124.3,125.17 2 1
github.com/devmatic-it/debcvescan/pkg/analyzer/analyzer.go:129.3,129.62 1 1
github.com/devmatic-it/debcvescan/pkg/analyzer/analyzer.go:120.17,121.14 1 0
github.com/devmatic-it/debcvescan/pkg/analyzer/analyzer.go:125.17,126.14 1 0
github.com/devmatic-it/debcvescan/pkg/analyzer/analyzer.go:137.103,142.16 4 2
github.com/devmatic-it/debcvescan/pkg/analyzer/analyzer.go:146.2,148.37 3 2
github.com/devmatic-it/debcvescan/pkg/analyzer/analyzer.go:200.2,200.15 1 2
github.com/devmatic-it/debcvescan/pkg/analyzer/analyzer.go:142.16,143.13 1 0
github.com/devmatic-it/debcvescan/pkg/analyzer/analyzer.go:148.37,150.16 2 5718
github.com/devmatic-it/debcvescan/pkg/analyzer/analyzer.go:150.16,151.44 1 212
github.com/devmatic-it/debcvescan/pkg/analyzer/analyzer.go:151.44,152.51 1 4514
github.com/devmatic-it/debcvescan/pkg/analyzer/analyzer.go:152.51,153.86 1 22094
github.com/devmatic-it/debcvescan/pkg/analyzer/analyzer.go:157.6,158.90 2 21800
github.com/devmatic-it/debcvescan/pkg/analyzer/analyzer.go:153.86,154.15 1 294
github.com/devmatic-it/debcvescan/pkg/analyzer/analyzer.go:158.90,161.39 3 482
github.com/devmatic-it/debcvescan/pkg/analyzer/analyzer.go:166.7,166.23 1 482
github.com/devmatic-it/debcvescan/pkg/analyzer/analyzer.go:187.7,187.88 1 482
github.com/devmatic-it/debcvescan/pkg/analyzer/analyzer.go:191.7,191.26 1 482
github.com/devmatic-it/debcvescan/pkg/analyzer/analyzer.go:161.39,163.8 1 0
github.com/devmatic-it/debcvescan/pkg/analyzer/analyzer.go:167.17,169.13 2 343
github.com/devmatic-it/debcvescan/pkg/analyzer/analyzer.go:170.17,172.13 2 0
github.com/devmatic-it/debcvescan/pkg/analyzer/analyzer.go:173.19,175.13 2 0
github.com/devmatic-it/debcvescan/pkg/analyzer/analyzer.go:176.16,178.13 2 42
github.com/devmatic-it/debcvescan/pkg/analyzer/analyzer.go:179.19,181.13 2 97
github.com/devmatic-it/debcvescan/pkg/analyzer/analyzer.go:182.20,184.13 2 0
github.com/devmatic-it/debcvescan/pkg/analyzer/analyzer.go:187.88,189.8 1 385
mode: atomic
github.com/devmatic-it/debcvescan/pkg/dpkg/dpkg.go:30.53,34.16 3 1
github.com/devmatic-it/debcvescan/pkg/dpkg/dpkg.go:39.2,43.21 5 1
github.com/devmatic-it/debcvescan/pkg/dpkg/dpkg.go:68.2,68.17 1 1
github.com/devmatic-it/debcvescan/pkg/dpkg/dpkg.go:34.16,37.3 2 0
github.com/devmatic-it/debcvescan/pkg/dpkg/dpkg.go:43.21,48.21 4 45248
github.com/devmatic-it/debcvescan/pkg/dpkg/dpkg.go:48.21,50.24 2 27914
github.com/devmatic-it/debcvescan/pkg/dpkg/dpkg.go:50.24,53.5 2 1819
github.com/devmatic-it/debcvescan/pkg/dpkg/dpkg.go:53.10,53.47 1 26095
github.com/devmatic-it/debcvescan/pkg/dpkg/dpkg.go:53.47,55.23 2 1112
github.com/devmatic-it/debcvescan/pkg/dpkg/dpkg.go:59.5,59.35 1 1112
github.com/devmatic-it/debcvescan/pkg/dpkg/dpkg.go:55.23,57.6 1 204
github.com/devmatic-it/debcvescan/pkg/dpkg/dpkg.go:60.10,60.30 1 24983
github.com/devmatic-it/debcvescan/pkg/dpkg/dpkg.go:60.30,61.45 1 1819
github.com/devmatic-it/debcvescan/pkg/dpkg/dpkg.go:61.45,63.6 1 1112
github.com/devmatic-it/debcvescan/pkg/dpkg/dpkg.go:72.52,77.32 3 9
github.com/devmatic-it/debcvescan/pkg/dpkg/dpkg.go:83.2,83.14 1 7
github.com/devmatic-it/debcvescan/pkg/dpkg/dpkg.go:77.32,78.56 1 9
github.com/devmatic-it/debcvescan/pkg/dpkg/dpkg.go:78.56,80.4 1 2
github.com/devmatic-it/debcvescan/pkg/analyzer/analyzer.go:49.43,51.2 1 0
github.com/devmatic-it/debcvescan/pkg/analyzer/analyzer.go:89.51,90.17 1 482
github.com/devmatic-it/debcvescan/pkg/analyzer/analyzer.go:92.30,93.13 1 42
github.com/devmatic-it/debcvescan/pkg/analyzer/analyzer.go:95.39,96.16 1 0
github.com/devmatic-it/debcvescan/pkg/analyzer/analyzer.go:98.33,99.14 1 0
github.com/devmatic-it/debcvescan/pkg/analyzer/analyzer.go:101.26,102.14 1 342
github.com/devmatic-it/debcvescan/pkg/analyzer/analyzer.go:104.36,105.16 1 98
github.com/devmatic-it/debcvescan/pkg/analyzer/analyzer.go:107.10,108.17 1 0
github.com/devmatic-it/debcvescan/pkg/analyzer/analyzer.go:113.75,116.16 2 1
github.com/devmatic-it/debcvescan/pkg/analyzer/analyzer.go:133.2,133.59 1 0
github.com/devmatic-it/debcvescan/pkg/analyzer/analyzer.go:116.16,120.17 3 1
github.com/devmatic-it/debcvescan/pkg/analyzer/analyzer.go:124.3,125.17 2 1
github.com/devmatic-it/debcvescan/pkg/analyzer/analyzer.go:129.3,129.62 1 1
github.com/devmatic-it/debcvescan/pkg/analyzer/analyzer.go:120.17,121.14 1 0
github.com/devmatic-it/debcvescan/pkg/analyzer/analyzer.go:125.17,126.14 1 0
github.com/devmatic-it/debcvescan/pkg/analyzer/analyzer.go:137.103,142.16 4 2
github.com/devmatic-it/debcvescan/pkg/analyzer/analyzer.go:146.2,148.37 3 2
github.com/devmatic-it/debcvescan/pkg/analyzer/analyzer.go:200.2,200.15 1 2
github.com/devmatic-it/debcvescan/pkg/analyzer/analyzer.go:142.16,143.13 1 0
github.com/devmatic-it/debcvescan/pkg/analyzer/analyzer.go:148.37,150.16 2 5718
github.com/devmatic-it/debcvescan/pkg/analyzer/analyzer.go:150.16,151.44 1 212
github.com/devmatic-it/debcvescan/pkg/analyzer/analyzer.go:151.44,152.51 1 4514
github.com/devmatic-it/debcvescan/pkg/analyzer/analyzer.go:152.51,153.86 1 22094
github.com/devmatic-it/debcvescan/pkg/analyzer/analyzer.go:157.6,158.90 2 21800
github.com/devmatic-it/debcvescan/pkg/analyzer/analyzer.go:153.86,154.15 1 294
github.com/devmatic-it/debcvescan/pkg/analyzer/analyzer.go:158.90,161.39 3 482
github.com/devmatic-it/debcvescan/pkg/analyzer/analyzer.go:166.7,166.23 1 482
github.com/devmatic-it/debcvescan/pkg/analyzer/analyzer.go:187.7,187.88 1 482
github.com/devmatic-it/debcvescan/pkg/analyzer/analyzer.go:191.7,191.26 1 482
github.com/devmatic-it/debcvescan/pkg/analyzer/analyzer.go:161.39,163.8 1 0
github.com/devmatic-it/debcvescan/pkg/analyzer/analyzer.go:167.17,169.13 2 342
github.com/devmatic-it/debcvescan/pkg/analyzer/analyzer.go:170.17,172.13 2 0
github.com/devmatic-it/debcvescan/pkg/analyzer/analyzer.go:173.19,175.13 2 0
github.com/devmatic-it/debcvescan/pkg/analyzer/analyzer.go:176.16,178.13 2 42
github.com/devmatic-it/debcvescan/pkg/analyzer/analyzer.go:179.19,181.13 2 98
github.com/devmatic-it/debcvescan/pkg/analyzer/analyzer.go:182.20,184.13 2 0
github.com/devmatic-it/debcvescan/pkg/analyzer/analyzer.go:187.88,189.8 1 384
mode: atomic
github.com/devmatic-it/debcvescan/pkg/dpkg/dpkg.go:30.53,34.16 3 1
github.com/devmatic-it/debcvescan/pkg/dpkg/dpkg.go:39.2,43.21 5 1
github.com/devmatic-it/debcvescan/pkg/dpkg/dpkg.go:68.2,68.17 1 1
github.com/devmatic-it/debcvescan/pkg/dpkg/dpkg.go:34.16,37.3 2 0
github.com/devmatic-it/debcvescan/pkg/dpkg/dpkg.go:43.21,48.21 4 45248
github.com/devmatic-it/debcvescan/pkg/dpkg/dpkg.go:48.21,50.24 2 27914
github.com/devmatic-it/debcvescan/pkg/dpkg/dpkg.go:50.24,53.5 2 1819
github.com/devmatic-it/debcvescan/pkg/dpkg/dpkg.go:53.10,53.47 1 26095
github.com/devmatic-it/debcvescan/pkg/dpkg/dpkg.go:53.47,55.23 2 1112
github.com/devmatic-it/debcvescan/pkg/dpkg/dpkg.go:59.5,59.35 1 1112
github.com/devmatic-it/debcvescan/pkg/dpkg/dpkg.go:55.23,57.6 1 204
github.com/devmatic-it/debcvescan/pkg/dpkg/dpkg.go:60.10,60.30 1 24983
github.com/devmatic-it/debcvescan/pkg/dpkg/dpkg.go:60.30,61.45 1 1819
github.com/devmatic-it/debcvescan/pkg/dpkg/dpkg.go:61.45,63.6 1 1112
github.com/devmatic-it/debcvescan/pkg/dpkg/dpkg.go:72.52,77.32 3 9
github.com/devmatic-it/debcvescan/pkg/dpkg/dpkg.go:83.2,83.14 1 7
github.com/devmatic-it/debcvescan/pkg/dpkg/dpkg.go:77.32,78.56 1 9
github.com/devmatic-it/debcvescan/pkg/dpkg/dpkg.go:78.56,80.4 1 2
github.com/devmatic-it/debcvescan/pkg/analyzer/analyzer.go:49.43,51.2 1 0
github.com/devmatic-it/debcvescan/pkg/analyzer/analyzer.go:89.51,90.17 1 482
github.com/devmatic-it/debcvescan/pkg/analyzer/analyzer.go:92.30,93.13 1 42
github.com/devmatic-it/debcvescan/pkg/analyzer/analyzer.go:95.39,96.16 1 0
github.com/devmatic-it/debcvescan/pkg/analyzer/analyzer.go:98.33,99.14 1 0
github.com/devmatic-it/debcvescan/pkg/analyzer/analyzer.go:101.26,102.14 1 343
github.com/devmatic-it/debcvescan/pkg/analyzer/analyzer.go:104.36,105.16 1 97
github.com/devmatic-it/debcvescan/pkg/analyzer/analyzer.go:107.10,108.17 1 0
github.com/devmatic-it/debcvescan/pkg/analyzer/analyzer.go:113.75,116.16 2 1
github.com/devmatic-it/debcvescan/pkg/analyzer/analyzer.go:133.2,133.59 1 0
github.com/devmatic-it/debcvescan/pkg/analyzer/analyzer.go:116.16,120.17 3 1
github.com/devmatic-it/debcvescan/pkg/analyzer/analyzer.go:124.3,125.17 2 1
github.com/devmatic-it/debcvescan/pkg/analyzer/analyzer.go:129.3,129.62 1 1
github.com/devmatic-it/debcvescan/pkg/analyzer/analyzer.go:120.17,121.14 1 0
github.com/devmatic-it/debcvescan/pkg/analyzer/analyzer.go:125.17,126.14 1 0
github.com/devmatic-it/debcvescan/pkg/analyzer/analyzer.go:137.103,142.16 4 2
github.com/devmatic-it/debcvescan/pkg/analyzer/analyzer.go:146.2,148.37 3 2
github.com/devmatic-it/debcvescan/pkg/analyzer/analyzer.go:200.2,200.15 1 2
github.com/devmatic-it/debcvescan/pkg/analyzer/analyzer.go:142.16,143.13 1 0
github.com/devmatic-it/debcvescan/pkg/analyzer/analyzer.go:148.37,150.16 2 5718
github.com/devmatic-it/debcvescan/pkg/analyzer/analyzer.go:150.16,151.44 1 212
github.com/devmatic-it/debcvescan/pkg/analyzer/analyzer.go:151.44,152.51 1 4514
github.com/devmatic-it/debcvescan/pkg/analyzer/analyzer.go:152.51,153.86 1 22094
github.com/devmatic-it/debcvescan/pkg/analyzer/analyzer.go:157.6,158.90 2 21800
github.com/devmatic-it/debcvescan/pkg/analyzer/analyzer.go:153.86,154.15 1 294
github.com/devmatic-it/debcvescan/pkg/analyzer/analyzer.go:158.90,161.39 3 482
github.com/devmatic-it/debcvescan/pkg/analyzer/analyzer.go:166.7,166.23 1 482
github.com/devmatic-it/debcvescan/pkg/analyzer/analyzer.go:187.7,187.88 1 482
github.com/devmatic-it/debcvescan/pkg/analyzer/analyzer.go:191.7,191.26 1 482
github.com/devmatic-it/debcvescan/pkg/analyzer/analyzer.go:161.39,163.8 1 0
github.com/devmatic-it/debcvescan/pkg/analyzer/analyzer.go:167.17,169.13 2 343
github.com/devmatic-it/debcvescan/pkg/analyzer/analyzer.go:170.17,172.13 2 0
github.com/devmatic-it/debcvescan/pkg/analyzer/analyzer.go:173.19,175.13 2 0
github.com/devmatic-it/debcvescan/pkg/analyzer/analyzer.go:176.16,178.13 2 42
github.com/devmatic-it/debcvescan/pkg/analyzer/analyzer.go:179.19,181.13 2 97
github.com/devmatic-it/debcvescan/pkg/analyzer/analyzer.go:182.20,184.13 2 0
github.com/devmatic-it/debcvescan/pkg/analyzer/analyzer.go:187.88,189.8 1 385
mode: atomic
github.com/devmatic-it/debcvescan/pkg/dpkg/dpkg.go:30.53,34.16 3 1
github.com/devmatic-it/debcvescan/pkg/dpkg/dpkg.go:39.2,43.21 5 1
github.com/devmatic-it/debcvescan/pkg/dpkg/dpkg.go:68.2,68.17 1 1
github.com/devmatic-it/debcvescan/pkg/dpkg/dpkg.go:34.16,37.3 2 0
github.com/devmatic-it/debcvescan/pkg/dpkg/dpkg.go:43.21,48.21 4 45248
github.com/devmatic-it/debcvescan/pkg/dpkg/dpkg.go:48.21,50.24 2 27914
github.com/devmatic-it/debcvescan/pkg/dpkg/dpkg.go:50.24,53.5 2 1819
github.com/devmatic-it/debcvescan/pkg/dpkg/dpkg.go:53.10,53.47 1 26095
github.com/devmatic-it/debcvescan/pkg/dpkg/dpkg.go:53.47,55.23 2 1112
github.com/devmatic-it/debcvescan/pkg/dpkg/dpkg.go:59.5,59.35 1 1112
github.com/devmatic-it/debcvescan/pkg/dpkg/dpkg.go:55.23,57.6 1 204
github.com/devmatic-it/debcvescan/pkg/dpkg/dpkg.go:60.10,60.30 1 24983
github.com/devmatic-it/debcvescan/pkg/dpkg/dpkg.go:60.30,61.45 1 1819
github.com/devmatic-it/debcvescan/pkg/dpkg/dpkg.go:61.45,63.6 1 1112
github.com/devmatic-it/debcvescan/pkg/dpkg/dpkg.go:72.52,77.32 3 9
github.com/devmatic-it/debcvescan/pkg/dpkg/dpkg.go:83.2,83.14 1 7
github.com/devmatic-it/debcvescan/pkg/dpkg/dpkg.go:77.32,78.56 1 9
github.com/devmatic-it/debcvescan/pkg/dpkg/dpkg.go:78.56,80.4 1 2
github.com/devmatic-it/debcvescan/pkg/analyzer/analyzer.go:49.43,51.2 1 0
github.com/devmatic-it/debcvescan/pkg/analyzer/analyzer.go:89.51,90.17 1 482
github.com/devmatic-it/debcvescan/pkg/analyzer/analyzer.go:92.30,93.13 1 42
github.com/devmatic-it/debcvescan/pkg/analyzer/analyzer.go:95.39,96.16 1 0
github.com/devmatic-it/debcvescan/pkg/analyzer/analyzer.go:98.33,99.14 1 0
github.com/devmatic-it/debcvescan/pkg/analyzer/analyzer.go:101.26,102.14 1 344
github.com/devmatic-it/debcvescan/pkg/analyzer/analyzer.go:104.36,105.16 1 96
github.com/devmatic-it/debcvescan/pkg/analyzer/analyzer.go:107.10,108.17 1 0
github.com/devmatic-it/debcvescan/pkg/analyzer/analyzer.go:113.75,116.16 2 1
github.com/devmatic-it/debcvescan/pkg/analyzer/analyzer.go:133.2,133.59 1 0
github.com/devmatic-it/debcvescan/pkg/analyzer/analyzer.go:116.16,120.17 3 1
github.com/devmatic-it/debcvescan/pkg/analyzer/analyzer.go:124.3,125.17 2 1
github.com/devmatic-it/debcvescan/pkg/analyzer/analyzer.go:129.3,129.62 1 1
github.com/devmatic-it/debcvescan/pkg/analyzer/analyzer.go:120.17,121.14 1 0
github.com/devmatic-it/debcvescan/pkg/analyzer/analyzer.go:125.17,126.14 1 0
github.com/devmatic-it/debcvescan/pkg/analyzer/analyzer.go:137.103,142.16 4 2
github.com/devmatic-it/debcvescan/pkg/analyzer/analyzer.go:146.2,148.37 3 2
github.com/devmatic-it/debcvescan/pkg/analyzer/analyzer.go:200.2,200.15 1 2
github.com/devmatic-it/debcvescan/pkg/analyzer/analyzer.go:142.16,143.13 1 0
github.com/devmatic-it/debcvescan/pkg/analyzer/analyzer.go:148.37,150.16 2 5718
github.com/devmatic-it/debcvescan/pkg/analyzer/analyzer.go:150.16,151.44 1 212
github.com/devmatic-it/debcvescan/pkg/analyzer/analyzer.go:151.44,152.51 1 4514
github.com/devmatic-it/debcvescan/pkg/analyzer/analyzer.go:152.51,153.86 1 22094
github.com/devmatic-it/debcvescan/pkg/analyzer/analyzer.go:157.6,158.90 2 21800
github.com/devmatic-it/debcvescan/pkg/analyzer/analyzer.go:153.86,154.15 1 294
github.com/devmatic-it/debcvescan/pkg/analyzer/analyzer.go:158.90,161.39 3 482
github.com/devmatic-it/debcvescan/pkg/analyzer/analyzer.go:166.7,166.23 1 482
github.com/devmatic-it/debcvescan/pkg/analyzer/analyzer.go:187.7,187.88 1 482
github.com/devmatic-it/debcvescan/pkg/analyzer/analyzer.go:191.7,191.26 1 482
github.com/devmatic-it/debcvescan/pkg/analyzer/analyzer.go:161.39,163.8 1 0
github.com/devmatic-it/debcvescan/pkg/analyzer/analyzer.go:167.17,169.13 2 344
github.com/devmatic-it/debcvescan/pkg/analyzer/analyzer.go:170.17,172.13 2 0
github.com/devmatic-it/debcvescan/pkg/analyzer/analyzer.go:173.19,175.13 2 0
github.com/devmatic-it/debcvescan/pkg/analyzer/analyzer.go:176.16,178.13 2 42
github.com/devmatic-it/debcvescan/pkg/analyzer/analyzer.go:179.19,181.13 2 96
github.com/devmatic-it/debcvescan/pkg/analyzer/analyzer.go:182.20,184.13 2 0
github.com/devmatic-it/debcvescan/pkg/analyzer/analyzer.go:187.88,189.8 1 386
github.com/devmatic-it/debcvescan/pkg/analyzer/analyzer.go:204.51,205.2 0 0
mode: atomic
github.com/devmatic-it/debcvescan/pkg/dpkg/dpkg.go:30.53,34.16 3 1
github.com/devmatic-it/debcvescan/pkg/dpkg/dpkg.go:39.2,43.21 5 1
github.com/devmatic-it/debcvescan/pkg/dpkg/dpkg.go:68.2,68.17 1 1
github.com/devmatic-it/debcvescan/pkg/dpkg/dpkg.go:34.16,37.3 2 0
github.com/devmatic-it/debcvescan/pkg/dpkg/dpkg.go:43.21,48.21 4 45248
github.com/devmatic-it/debcvescan/pkg/dpkg/dpkg.go:48.21,50.24 2 27914
github.com/devmatic-it/debcvescan/pkg/dpkg/dpkg.go:50.24,53.5 2 1819
github.com/devmatic-it/debcvescan/pkg/dpkg/dpkg.go:53.10,53.47 1 26095
github.com/devmatic-it/debcvescan/pkg/dpkg/dpkg.go:53.47,55.23 2 1112
github.com/devmatic-it/debcvescan/pkg/dpkg/dpkg.go:59.5,59.35 1 1112
github.com/devmatic-it/debcvescan/pkg/dpkg/dpkg.go:55.23,57.6 1 204
github.com/devmatic-it/debcvescan/pkg/dpkg/dpkg.go:60.10,60.30 1 24983
github.com/devmatic-it/debcvescan/pkg/dpkg/dpkg.go:60.30,61.45 1 1819
github.com/devmatic-it/debcvescan/pkg/dpkg/dpkg.go:61.45,63.6 1 1112
github.com/devmatic-it/debcvescan/pkg/dpkg/dpkg.go:72.52,77.32 3 9
github.com/devmatic-it/debcvescan/pkg/dpkg/dpkg.go:83.2,83.14 1 7
github.com/devmatic-it/debcvescan/pkg/dpkg/dpkg.go:77.32,78.56 1 9
github.com/devmatic-it/debcvescan/pkg/dpkg/dpkg.go:78.56,80.4 1 2
github.com/devmatic-it/debcvescan/pkg/analyzer/analyzer.go:49.43,51.2 1 0
github.com/devmatic-it/debcvescan/pkg/analyzer/analyzer.go:89.51,90.17 1 482
github.com/devmatic-it/debcvescan/pkg/analyzer/analyzer.go:92.30,93.13 1 42
github.com/devmatic-it/debcvescan/pkg/analyzer/analyzer.go:95.39,96.16 1 0
github.com/devmatic-it/debcvescan/pkg/analyzer/analyzer.go:98.33,99.14 1 0
github.com/devmatic-it/debcvescan/pkg/analyzer/analyzer.go:101.26,102.14 1 343
github.com/devmatic-it/debcvescan/pkg/analyzer/analyzer.go:104.36,105.16 1 97
github.com/devmatic-it/debcvescan/pkg/analyzer/analyzer.go:107.10,108.17 1 0
github.com/devmatic-it/debcvescan/pkg/analyzer/analyzer.go:113.75,116.16 2 1
github.com/devmatic-it/debcvescan/pkg/analyzer/analyzer.go:133.2,133.59 1 0
github.com/devmatic-it/debcvescan/pkg/analyzer/analyzer.go:116.16,120.17 3 1
github.com/devmatic-it/debcvescan/pkg/analyzer/analyzer.go:124.3,125.17 2 1
github.com/devmatic-it/debcvescan/pkg/analyzer/analyzer.go:129.3,129.62 1 1
github.com/devmatic-it/debcvescan/pkg/analyzer/analyzer.go:120.17,121.14 1 0
github.com/devmatic-it/debcvescan/pkg/analyzer/analyzer.go:125.17,126.14 1 0
github.com/devmatic-it/debcvescan/pkg/analyzer/analyzer.go:137.103,142.16 4 2
github.com/devmatic-it/debcvescan/pkg/analyzer/analyzer.go:146.2,148.37 3 2
github.com/devmatic-it/debcvescan/pkg/analyzer/analyzer.go:200.2,200.15 1 2
github.com/devmatic-it/debcvescan/pkg/analyzer/analyzer.go:142.16,143.13 1 0
github.com/devmatic-it/debcvescan/pkg/analyzer/analyzer.go:148.37,150.16 2 5718
github.com/devmatic-it/debcvescan/pkg/analyzer/analyzer.go:150.16,151.44 1 212
github.com/devmatic-it/debcvescan/pkg/analyzer/analyzer.go:151.44,152.51 1 4514
github.com/devmatic-it/debcvescan/pkg/analyzer/analyzer.go:152.51,153.86 1 22094
github.com/devmatic-it/debcvescan/pkg/analyzer/analyzer.go:157.6,158.90 2 21800
github.com/devmatic-it/debcvescan/pkg/analyzer/analyzer.go:153.86,154.15 1 294
github.com/devmatic-it/debcvescan/pkg/analyzer/analyzer.go:158.90,161.39 3 482
github.com/devmatic-it/debcvescan/pkg/analyzer/analyzer.go:166.7,166.23 1 482
github.com/devmatic-it/debcvescan/pkg/analyzer/analyzer.go:187.7,187.88 1 482
github.com/devmatic-it/debcvescan/pkg/analyzer/analyzer.go:191.7,191.26 1 482
github.com/devmatic-it/debcvescan/pkg/analyzer/analyzer.go:161.39,163.8 1 0
github.com/devmatic-it/debcvescan/pkg/analyzer/analyzer.go:167.17,169.13 2 343
github.com/devmatic-it/debcvescan/pkg/analyzer/analyzer.go:170.17,172.13 2 0
github.com/devmatic-it/debcvescan/pkg/analyzer/analyzer.go:173.19,175.13 2 0
github.com/devmatic-it/debcvescan/pkg/analyzer/analyzer.go:176.16,178.13 2 42
github.com/devmatic-it/debcvescan/pkg/analyzer/analyzer.go:179.19,181.13 2 97
github.com/devmatic-it/debcvescan/pkg/analyzer/analyzer.go:182.20,184.13 2 0
github.com/devmatic-it/debcvescan/pkg/analyzer/analyzer.go:187.88,189.8 1 385
github.com/devmatic-it/debcvescan/pkg/analyzer/analyzer.go:204.51,205.2 0 0
mode: atomic
github.com/devmatic-it/debcvescan/pkg/dpkg/dpkg.go:30.53,34.16 3 1
github.com/devmatic-it/debcvescan/pkg/dpkg/dpkg.go:39.2,43.21 5 1
github.com/devmatic-it/debcvescan/pkg/dpkg/dpkg.go:68.2,68.17 1 1
github.com/devmatic-it/debcvescan/pkg/dpkg/dpkg.go:34.16,37.3 2 0
github.com/devmatic-it/debcvescan/pkg/dpkg/dpkg.go:43.21,48.21 4 45248
github.com/devmatic-it/debcvescan/pkg/dpkg/dpkg.go:48.21,50.24 2 27914
github.com/devmatic-it/debcvescan/pkg/dpkg/dpkg.go:50.24,53.5 2 1819
github.com/devmatic-it/debcvescan/pkg/dpkg/dpkg.go:53.10,53.47 1 26095
github.com/devmatic-it/debcvescan/pkg/dpkg/dpkg.go:53.47,55.23 2 1112
github.com/devmatic-it/debcvescan/pkg/dpkg/dpkg.go:59.5,59.35 1 1112
github.com/devmatic-it/debcvescan/pkg/dpkg/dpkg.go:55.23,57.6 1 204
github.com/devmatic-it/debcvescan/pkg/dpkg/dpkg.go:60.10,60.30 1 24983
github.com/devmatic-it/debcvescan/pkg/dpkg/dpkg.go:60.30,61.45 1 1819
github.com/devmatic-it/debcvescan/pkg/dpkg/dpkg.go:61.45,63.6 1 1112
github.com/devmatic-it/debcvescan/pkg/dpkg/dpkg.go:72.52,77.32 3 9
github.com/devmatic-it/debcvescan/pkg/dpkg/dpkg.go:83.2,83.14 1 7
github.com/devmatic-it/debcvescan/pkg/dpkg/dpkg.go:77.32,78.56 1 9
github.com/devmatic-it/debcvescan/pkg/dpkg/dpkg.go:78.56,80.4 1 2
github.com/devmatic-it/debcvescan/pkg/analyzer/analyzer.go:49.43,51.2 1 0
github.com/devmatic-it/debcvescan/pkg/analyzer/analyzer.go:89.51,90.17 1 482
github.com/devmatic-it/debcvescan/pkg/analyzer/analyzer.go:92.30,93.13 1 42
github.com/devmatic-it/debcvescan/pkg/analyzer/analyzer.go:95.39,96.16 1 0
github.com/devmatic-it/debcvescan/pkg/analyzer/analyzer.go:98.33,99.14 1 0
github.com/devmatic-it/debcvescan/pkg/analyzer/analyzer.go:101.26,102.14 1 344
github.com/devmatic-it/debcvescan/pkg/analyzer/analyzer.go:104.36,105.16 1 96
github.com/devmatic-it/debcvescan/pkg/analyzer/analyzer.go:107.10,108.17 1 0
github.com/devmatic-it/debcvescan/pkg/analyzer/analyzer.go:113.75,116.16 2 1
github.com/devmatic-it/debcvescan/pkg/analyzer/analyzer.go:133.2,133.59 1 0
github.com/devmatic-it/debcvescan/pkg/analyzer/analyzer.go:116.16,120.17 3 1
github.com/devmatic-it/debcvescan/pkg/analyzer/analyzer.go:124.3,125.17 2 1
github.com/devmatic-it/debcvescan/pkg/analyzer/analyzer.go:129.3,129.62 1 1
github.com/devmatic-it/debcvescan/pkg/analyzer/analyzer.go:120.17,121.14 1 0
github.com/devmatic-it/debcvescan/pkg/analyzer/analyzer.go:125.17,126.14 1 0
github.com/devmatic-it/debcvescan/pkg/analyzer/analyzer.go:137.103,142.16 4 2
github.com/devmatic-it/debcvescan/pkg/analyzer/analyzer.go:146.2,148.37 3 2
github.com/devmatic-it/debcvescan/pkg/analyzer/analyzer.go:200.2,200.15 1 2
github.com/devmatic-it/debcvescan/pkg/analyzer/analyzer.go:142.16,143.13 1 0
github.com/devmatic-it/debcvescan/pkg/analyzer/analyzer.go:148.37,150.16 2 5718
github.com/devmatic-it/debcvescan/pkg/analyzer/analyzer.go:150.16,151.44 1 212
github.com/devmatic-it/debcvescan/pkg/analyzer/analyzer.go:151.44,152.51 1 4514
github.com/devmatic-it/debcvescan/pkg/analyzer/analyzer.go:152.51,153.86 1 22094
github.com/devmatic-it/debcvescan/pkg/analyzer/analyzer.go:157.6,158.90 2 21800
github.com/devmatic-it/debcvescan/pkg/analyzer/analyzer.go:153.86,154.15 1 294
github.com/devmatic-it/debcvescan/pkg/analyzer/analyzer.go:158.90,161.39 3 482
github.com/devmatic-it/debcvescan/pkg/analyzer/analyzer.go:166.7,166.23 1 482
github.com/devmatic-it/debcvescan/pkg/analyzer/analyzer.go:187.7,187.88 1 482
github.com/devmatic-it/debcvescan/pkg/analyzer/analyzer.go:191.7,191.26 1 482
github.com/devmatic-it/debcvescan/pkg/analyzer/analyzer.go:161.39,163.8 1 0
github.com/devmatic-it/debcvescan/pkg/analyzer/analyzer.go:167.17,169.13 2 344
github.com/devmatic-it/debcvescan/pkg/analyzer/analyzer.go:170.17,172.13 2 0
github.com/devmatic-it/debcvescan/pkg/analyzer/analyzer.go:173.19,175.13 2 0
github.com/devmatic-it/debcvescan/pkg/analyzer/analyzer.go:176.16,178.13 2 42
github.com/devmatic-it/debcvescan/pkg/analyzer/analyzer.go:179.19,181.13 2 96
github.com/devmatic-it/debcvescan/pkg/analyzer/analyzer.go:182.20,184.13 2 0
github.com/devmatic-it/debcvescan/pkg/analyzer/analyzer.go:187.88,189.8 1 386
github.com/devmatic-it/debcvescan/pkg/analyzer/analyzer.go:204.51,205.2 0 0
mode: atomic
github.com/devmatic-it/debcvescan/pkg/dpkg/dpkg.go:30.53,34.16 3 1
github.com/devmatic-it/debcvescan/pkg/dpkg/dpkg.go:39.2,43.21 5 1
github.com/devmatic-it/debcvescan/pkg/dpkg/dpkg.go:68.2,68.17 1 1
github.com/devmatic-it/debcvescan/pkg/dpkg/dpkg.go:34.16,37.3 2 0
github.com/devmatic-it/debcvescan/pkg/dpkg/dpkg.go:43.21,48.21 4 45248
github.com/devmatic-it/debcvescan/pkg/dpkg/dpkg.go:48.21,50.24 2 27914
github.com/devmatic-it/debcvescan/pkg/dpkg/dpkg.go:50.24,53.5 2 1819
github.com/devmatic-it/debcvescan/pkg/dpkg/dpkg.go:53.10,53.47 1 26095
github.com/devmatic-it/debcvescan/pkg/dpkg/dpkg.go:53.47,55.23 2 1112
github.com/devmatic-it/debcvescan/pkg/dpkg/dpkg.go:59.5,59.35 1 1112
github.com/devmatic-it/debcvescan/pkg/dpkg/dpkg.go:55.23,57.6 1 204
github.com/devmatic-it/debcvescan/pkg/dpkg/dpkg.go:60.10,60.30 1 24983
github.com/devmatic-it/debcvescan/pkg/dpkg/dpkg.go:60.30,61.45 1 1819
github.com/devmatic-it/debcvescan/pkg/dpkg/dpkg.go:61.45,63.6 1 1112
github.com/devmatic-it/debcvescan/pkg/dpkg/dpkg.go:72.52,77.32 3 9
github.com/devmatic-it/debcvescan/pkg/dpkg/dpkg.go:83.2,83.14 1 7
github.com/devmatic-it/debcvescan/pkg/dpkg/dpkg.go:77.32,78.56 1 9
github.com/devmatic-it/debcvescan/pkg/dpkg/dpkg.go:78.56,80.4 1 2
github.com/devmatic-it/debcvescan/pkg/analyzer/analyzer.go:49.43,51.2 1 0
github.com/devmatic-it/debcvescan/pkg/analyzer/analyzer.go:89.51,90.17 1 482
github.com/devmatic-it/debcvescan/pkg/analyzer/analyzer.go:92.30,93.13 1 42
github.com/devmatic-it/debcvescan/pkg/analyzer/analyzer.go:95.39,96.16 1 0
github.com/devmatic-it/debcvescan/pkg/analyzer/analyzer.go:98.33,99.14 1 0
github.com/devmatic-it/debcvescan/pkg/analyzer/analyzer.go:101.26,102.14 1 343
github.com/devmatic-it/debcvescan/pkg/analyzer/analyzer.go:104.36,105.16 1 97
github.com/devmatic-it/debcvescan/pkg/analyzer/analyzer.go:107.10,108.17 1 0
github.com/devmatic-it/debcvescan/pkg/analyzer/analyzer.go:113.75,116.16 2 1
github.com/devmatic-it/debcvescan/pkg/analyzer/analyzer.go:133.2,133.59 1 0
github.com/devmatic-it/debcvescan/pkg/analyzer/analyzer.go:116.16,120.17 3 1
github.com/devmatic-it/debcvescan/pkg/analyzer/analyzer.go:124.3,125.17 2 1
github.com/devmatic-it/debcvescan/pkg/analyzer/analyzer.go:129.3,129.62 1 1
github.com/devmatic-it/debcvescan/pkg/analyzer/analyzer.go:120.17,121.14 1 0
github.com/devmatic-it/debcvescan/pkg/analyzer/analyzer.go:125.17,126.14 1 0
github.com/devmatic-it/debcvescan/pkg/analyzer/analyzer.go:137.103,142.16 4 2
github.com/devmatic-it/debcvescan/pkg/analyzer/analyzer.go:146.2,148.37 3 2
github.com/devmatic-it/debcvescan/pkg/analyzer/analyzer.go:200.2,200.15 1 2
github.com/devmatic-it/debcvescan/pkg/analyzer/analyzer.go:142.16,143.13 1 0
github.com/devmatic-it/debcvescan/pkg/analyzer/analyzer.go:148.37,150.16 2 5718
github.com/devmatic-it/debcvescan/pkg/analyzer/analyzer.go:150.16,151.44 1 212
github.com/devmatic-it/debcvescan/pkg/analyzer/analyzer.go:151.44,152.51 1 4514
github.com/devmatic-it/debcvescan/pkg/analyzer/analyzer.go:152.51,153.86 1 22094
github.com/devmatic-it/debcvescan/pkg/analyzer/analyzer.go:157.6,158.90 2 21800
github.com/devmatic-it/debcvescan/pkg/analyzer/analyzer.go:153.86,154.15 1 294
github.com/devmatic-it/debcvescan/pkg/analyzer/analyzer.go:158.90,161.39 3 482
github.com/devmatic-it/debcvescan/pkg/analyzer/analyzer.go:166.7,166.23 1 482
github.com/devmatic-it/debcvescan/pkg/analyzer/analyzer.go:187.7,187.88 1 482
github.com/devmatic-it/debcvescan/pkg/analyzer/analyzer.go:191.7,191.26 1 482
github.com/devmatic-it/debcvescan/pkg/analyzer/analyzer.go:161.39,163.8 1 0
github.com/devmatic-it/debcvescan/pkg/analyzer/analyzer.go:167.17,169.13 2 343
github.com/devmatic-it/debcvescan/pkg/analyzer/analyzer.go:170.17,172.13 2 0
github.com/devmatic-it/debcvescan/pkg/analyzer/analyzer.go:173.19,175.13 2 0
github.com/devmatic-it/debcvescan/pkg/analyzer/analyzer.go:176.16,178.13 2 42
github.com/devmatic-it/debcvescan/pkg/analyzer/analyzer.go:179.19,181.13 2 97
github.com/devmatic-it/debcvescan/pkg/analyzer/analyzer.go:182.20,184.13 2 0
github.com/devmatic-it/debcvescan/pkg/analyzer/analyzer.go:187.88,189.8 1 385
github.com/devmatic-it/debcvescan/pkg/analyzer/analyzer.go:204.51,205.2 0 0
mode: atomic
github.com/devmatic-it/debcvescan/pkg/dpkg/dpkg.go:30.53,34.16 3 1
github.com/devmatic-it/debcvescan/pkg/dpkg/dpkg.go:39.2,43.21 5 1
github.com/devmatic-it/debcvescan/pkg/dpkg/dpkg.go:68.2,68.17 1 1
github.com/devmatic-it/debcvescan/pkg/dpkg/dpkg.go:34.16,37.3 2 0
github.com/devmatic-it/debcvescan/pkg/dpkg/dpkg.go:43.21,48.21 4 45248
github.com/devmatic-it/debcvescan/pkg/dpkg/dpkg.go:48.21,50.24 2 27914
github.com/devmatic-it/debcvescan/pkg/dpkg/dpkg.go:50.24,53.5 2 1819
github.com/devmatic-it/debcvescan/pkg/dpkg/dpkg.go:53.10,53.47 1 26095
github.com/devmatic-it/debcvescan/pkg/dpkg/dpkg.go:53.47,55.23 2 1112
github.com/devmatic-it/debcvescan/pkg/dpkg/dpkg.go:59.5,59.35 1 1112
github.com/devmatic-it/debcvescan/pkg/dpkg/dpkg.go:55.23,57.6 1 204
github.com/devmatic-it/debcvescan/pkg/dpkg/dpkg.go:60.10,60.30 1 24983
github.com/devmatic-it/debcvescan/pkg/dpkg/dpkg.go:60.30,61.45 1 1819
github.com/devmatic-it/debcvescan/pkg/dpkg/dpkg.go:61.45,63.6 1 1112
github.com/devmatic-it/debcvescan/pkg/dpkg/dpkg.go:72.52,77.32 3 9
github.com/devmatic-it/debcvescan/pkg/dpkg/dpkg.go:83.2,83.14 1 7
github.com/devmatic-it/debcvescan/pkg/dpkg/dpkg.go:77.32,78.56 1 9
github.com/devmatic-it/debcvescan/pkg/dpkg/dpkg.go:78.56,80.4 1 2
github.com/devmatic-it/debcvescan/pkg/analyzer/analyzer.go:49.43,51.2 1 0
github.com/devmatic-it/debcvescan/pkg/analyzer/analyzer.go:89.51,90.17 1 482
github.com/devmatic-it/debcvescan/pkg/analyzer/analyzer.go:92.30,93.13 1 42
github.com/devmatic-it/debcvescan/pkg/analyzer/analyzer.go:95.39,96.16 1 0
github.com/devmatic-it/debcvescan/pkg/analyzer/analyzer.go:98.33,99.14 1 0
github.com/devmatic-it/debcvescan/pkg/analyzer/analyzer.go:101.26,102.14 1 343
github.com/devmatic-it/debcvescan/pkg/analyzer/analyzer.go:104.36,105.16 1 97
github.com/devmatic-it/debcvescan/pkg/analyzer/analyzer.go:107.10,108.17 1 0
github.com/devmatic-it/debcvescan/pkg/analyzer/analyzer.go:113.75,116.16 2 1
github.com/devmatic-it/debcvescan/pkg/analyzer/analyzer.go:133.2,133.59 1 0
github.com/devmatic-it/debcvescan/pkg/analyzer/analyzer.go:116.16,120.17 3 1
github.com/devmatic-it/debcvescan/pkg/analyzer/analyzer.go:124.3,125.17 2 1
github.com/devmatic-it/debcvescan/pkg/analyzer/analyzer.go:129.3,129.62 1 1
github.com/devmatic-it/debcvescan/pkg/analyzer/analyzer.go:120.17,121.14 1 0
github.com/devmatic-it/debcvescan/pkg/analyzer/analyzer.go:125.17,126.14 1 0
github.com/devmatic-it/debcvescan/pkg/analyzer/analyzer.go:137.103,142.16 4 2
github.com/devmatic-it/debcvescan/pkg/analyzer/analyzer.go:146.2,148.37 3 2
github.com/devmatic-it/debcvescan/pkg/analyzer/analyzer.go:200.2,200.15 1 2
github.com/devmatic-it/debcvescan/pkg/analyzer/analyzer.go:142.16,143.13 1 0
github.com/devmatic-it/debcvescan/pkg/analyzer/analyzer.go:148.37,150.16 2 5718
github.com/devmatic-it/debcvescan/pkg/analyzer/analyzer.go:150.16,151.44 1 212
github.com/devmatic-it/debcvescan/pkg/analyzer/analyzer.go:151.44,152.51 1 4514
github.com/devmatic-it/debcvescan/pkg/analyzer/analyzer.go:152.51,153.86 1 22094
github.com/devmatic-it/debcvescan/pkg/analyzer/analyzer.go:157.6,158.90 2 21800
github.com/devmatic-it/debcvescan/pkg/analyzer/analyzer.go:153.86,154.15 1 294
github.com/devmatic-it/debcvescan/pkg/analyzer/analyzer.go:158.90,161.39 3 482
github.com/devmatic-it/debcvescan/pkg/analyzer/analyzer.go:166.7,166.23 1 482
github.com/devmatic-it/debcvescan/pkg/analyzer/analyzer.go:187.7,187.88 1 482
github.com/devmatic-it/debcvescan/pkg/analyzer/analyzer.go:191.7,191.26 1 482
github.com/devmatic-it/debcvescan/pkg/analyzer/analyzer.go:161.39,163.8 1 0
github.com/devmatic-it/debcvescan/pkg/analyzer/analyzer.go:167.17,169.13 2 343
github.com/devmatic-it/debcvescan/pkg/analyzer/analyzer.go:170.17,172.13 2 0
github.com/devmatic-it/debcvescan/pkg/analyzer/analyzer.go:173.19,175.13 2 0
github.com/devmatic-it/debcvescan/pkg/analyzer/analyzer.go:176.16,178.13 2 42
github.com/devmatic-it/debcvescan/pkg/analyzer/analyzer.go:179.19,181.13 2 97
github.com/devmatic-it/debcvescan/pkg/analyzer/analyzer.go:182.20,184.13 2 0
github.com/devmatic-it/debcvescan/pkg/analyzer/analyzer.go:187.88,189.8 1 385
github.com/devmatic-it/debcvescan/pkg/analyzer/analyzer.go:204.51,205.2 0 0
mode: atomic
github.com/devmatic-it/debcvescan/pkg/dpkg/dpkg.go:30.53,34.16 3 1
github.com/devmatic-it/debcvescan/pkg/dpkg/dpkg.go:39.2,43.21 5 1
github.com/devmatic-it/debcvescan/pkg/dpkg/dpkg.go:68.2,68.17 1 1
github.com/devmatic-it/debcvescan/pkg/dpkg/dpkg.go:34.16,37.3 2 0
github.com/devmatic-it/debcvescan/pkg/dpkg/dpkg.go:43.21,48.21 4 45248
github.com/devmatic-it/debcvescan/pkg/dpkg/dpkg.go:48.21,50.24 2 27914
github.com/devmatic-it/debcvescan/pkg/dpkg/dpkg.go:50.24,53.5 2 1819
github.com/devmatic-it/debcvescan/pkg/dpkg/dpkg.go:53.10,53.47 1 26095
github.com/devmatic-it/debcvescan/pkg/dpkg/dpkg.go:53.47,55.23 2 1112
github.com/devmatic-it/debcvescan/pkg/dpkg/dpkg.go:59.5,59.35 1 1112
github.com/devmatic-it/debcvescan/pkg/dpkg/dpkg.go:55.23,57.6 1 204
github.com/devmatic-it/debcvescan/pkg/dpkg/dpkg.go:60.10,60.30 1 24983
github.com/devmatic-it/debcvescan/pkg/dpkg/dpkg.go:60.30,61.45 1 1819
github.com/devmatic-it/debcvescan/pkg/dpkg/dpkg.go:61.45,63.6 1 1112
github.com/devmatic-it/debcvescan/pkg/dpkg/dpkg.go:72.52,77.32 3 9
github.com/devmatic-it/debcvescan/pkg/dpkg/dpkg.go:83.2,83.14 1 7
github.com/devmatic-it/debcvescan/pkg/dpkg/dpkg.go:77.32,78.56 1 9
github.com/devmatic-it/debcvescan/pkg/dpkg/dpkg.go:78.56,80.4 1 2
github.com/devmatic-it/debcvescan/pkg/analyzer/analyzer.go:49.43,51.2 1 0
github.com/devmatic-it/debcvescan/pkg/analyzer/analyzer.go:89.51,90.17 1 482
github.com/devmatic-it/debcvescan/pkg/analyzer/analyzer.go:92.30,93.13 1 42
github.com/devmatic-it/debcvescan/pkg/analyzer/analyzer.go:95.39,96.16 1 0
github.com/devmatic-it/debcvescan/pkg/analyzer/analyzer.go:98.33,99.14 1 0
github.com/devmatic-it/debcvescan/pkg/analyzer/analyzer.go:101.26,102.14 1 344
github.com/devmatic-it/debcvescan/pkg/analyzer/analyzer.go:104.36,105.16 1 96
github.com/devmatic-it/debcvescan/pkg/analyzer/analyzer.go:107.10,108.17 1 0
github.com/devmatic-it/debcvescan/pkg/analyzer/analyzer.go:113.75,116.16 2 1
github.com/devmatic-it/debcvescan/pkg/analyzer/analyzer.go:133.2,133.59 1 0
github.com/devmatic-it/debcvescan/pkg/analyzer/analyzer.go:116.16,120.17 3 1
github.com/devmatic-it/debcvescan/pkg/analyzer/analyzer.go:124.3,125.17 2 1
github.com/devmatic-it/debcvescan/pkg/analyzer/analyzer.go:129.3,129.62 1 1
github.com/devmatic-it/debcvescan/pkg/analyzer/analyzer.go:120.17,121.14 1 0
github.com/devmatic-it/debcvescan/pkg/analyzer/analyzer.go:125.17,126.14 1 0
github.com/devmatic-it/debcvescan/pkg/analyzer/analyzer.go:137.103,142.16 4 2
github.com/devmatic-it/debcvescan/pkg/analyzer/analyzer.go:146.2,148.37 3 2
github.com/devmatic-it/debcvescan/pkg/analyzer/analyzer.go:200.2,200.15 1 2
github.com/devmatic-it/debcvescan/pkg/analyzer/analyzer.go:142.16,143.13 1 0
github.com/devmatic-it/debcvescan/pkg/analyzer/analyzer.go:148.37,150.16 2 5718
github.com/devmatic-it/debcvescan/pkg/analyzer/analyzer.go:150.16,151.44 1 212
github.com/devmatic-it/debcvescan/pkg/analyzer/analyzer.go:151.44,152.51 1 4514
github.com/devmatic-it/debcvescan/pkg/analyzer/analyzer.go:152.51,153.86 1 22094
github.com/devmatic-it/debcvescan/pkg/analyzer/analyzer.go:157.6,158.90 2 21800
github.com/devmatic-it/debcvescan/pkg/analyzer/analyzer.go:153.86,154.15 1 294
github.com/devmatic-it/debcvescan/pkg/analyzer/analyzer.go:158.90,161.39 3 482
github.com/devmatic-it/debcvescan/pkg/analyzer/analyzer.go:166.7,166.23 1 482
github.com/devmatic-it/debcvescan/pkg/analyzer/analyzer.go:187.7,187.88 1 482
github.com/devmatic-it/debcvescan/pkg/analyzer/analyzer.go:191.7,191.26 1 482
github.com/devmatic-it/debcvescan/pkg/analyzer/analyzer.go:161.39,163.8 1 0
github.com/devmatic-it/debcvescan/pkg/analyzer/analyzer.go:167.17,169.13 2 344
github.com/devmatic-it/debcvescan/pkg/analyzer/analyzer.go:170.17,172.13 2 0
github.com/devmatic-it/debcvescan/pkg/analyzer/analyzer.go:173.19,175.13 2 0
github.com/devmatic-it/debcvescan/pkg/analyzer/analyzer.go:176.16,178.13 2 42
github.com/devmatic-it/debcvescan/pkg/analyzer/analyzer.go:179.19,181.13 2 96
github.com/devmatic-it/debcvescan/pkg/analyzer/analyzer.go:182.20,184.13 2 0
github.com/devmatic-it/debcvescan/pkg/analyzer/analyzer.go:187.88,189.8 1 386
github.com/devmatic-it/debcvescan/pkg/analyzer/analyzer.go:204.51,205.2 0 0
mode: atomic
github.com/devmatic-it/debcvescan/pkg/dpkg/dpkg.go:30.53,34.16 3 1
github.com/devmatic-it/debcvescan/pkg/dpkg/dpkg.go:39.2,43.21 5 1
github.com/devmatic-it/debcvescan/pkg/dpkg/dpkg.go:68.2,68.17 1 1
github.com/devmatic-it/debcvescan/pkg/dpkg/dpkg.go:34.16,37.3 2 0
github.com/devmatic-it/debcvescan/pkg/dpkg/dpkg.go:43.21,48.21 4 45248
github.com/devmatic-it/debcvescan/pkg/dpkg/dpkg.go:48.21,50.24 2 27914
github.com/devmatic-it/debcvescan/pkg/dpkg/dpkg.go:50.24,53.5 2 1819
github.com/devmatic-it/debcvescan/pkg/dpkg/dpkg.go:53.10,53.47 1 26095
github.com/devmatic-it/debcvescan/pkg/dpkg/dpkg.go:53.47,55.23 2 1112
github.com/devmatic-it/debcvescan/pkg/dpkg/dpkg.go:59.5,59.35 1 1112
github.com/devmatic-it/debcvescan/pkg/dpkg/dpkg.go:55.23,57.6 1 204
github.com/devmatic-it/debcvescan/pkg/dpkg/dpkg.go:60.10,60.30 1 24983
github.com/devmatic-it/debcvescan/pkg/dpkg/dpkg.go:60.30,61.45 1 1819
github.com/devmatic-it/debcvescan/pkg/dpkg/dpkg.go:61.45,63.6 1 1112
github.com/devmatic-it/debcvescan/pkg/dpkg/dpkg.go:72.52,77.32 3 9
github.com/devmatic-it/debcvescan/pkg/dpkg/dpkg.go:83.2,83.14 1 7
github.com/devmatic-it/debcvescan/pkg/dpkg/dpkg.go:77.32,78.56 1 9
github.com/devmatic-it/debcvescan/pkg/dpkg/dpkg.go:78.56,80.4 1 2
github.com/devmatic-it/debcvescan/pkg/analyzer/analyzer.go:49.43,51.2 1 0
github.com/devmatic-it/debcvescan/pkg/analyzer/analyzer.go:89.51,90.17 1 482
github.com/devmatic-it/debcvescan/pkg/analyzer/analyzer.go:92.30,93.13 1 42
github.com/devmatic-it/debcvescan/pkg/analyzer/analyzer.go:95.39,96.16 1 0
github.com/devmatic-it/debcvescan/pkg/analyzer/analyzer.go:98.33,99.14 1 0
github.com/devmatic-it/debcvescan/pkg/analyzer/analyzer.go:101.26,102.14 1 343
github.com/devmatic-it/debcvescan/pkg/analyzer/analyzer.go:104.36,105.16 1 97
github.com/devmatic-it/debcvescan/pkg/analyzer/analyzer.go:107.10,108.17 1 0
github.com/devmatic-it/debcvescan/pkg/analyzer/analyzer.go:113.75,116.16 2 1
github.com/devmatic-it/debcvescan/pkg/analyzer/analyzer.go:133.2,133.59 1 0
github.com/devmatic-it/debcvescan/pkg/analyzer/analyzer.go:116.16,120.17 3 1
github.com/devmatic-it/debcvescan/pkg/analyzer/analyzer.go:124.3,125.17 2 1
github.com/devmatic-it/debcvescan/pkg/analyzer/analyzer.go:129.3,129.62 1 1
github.com/devmatic-it/debcvescan/pkg/analyzer/analyzer.go:120.17,121.14 1 0
github.com/devmatic-it/debcvescan/pkg/analyzer/analyzer.go:125.17,126.14 1 0
github.com/devmatic-it/debcvescan/pkg/analyzer/analyzer.go:137.103,142.16 4 2
github.com/devmatic-it/debcvescan/pkg/analyzer/analyzer.go:146.2,148.37 3 2
github.com/devmatic-it/debcvescan/pkg/analyzer/analyzer.go:200.2,200.15 1 2
github.com/devmatic-it/debcvescan/pkg/analyzer/analyzer.go:142.16,143.13 1 0
github.com/devmatic-it/debcvescan/pkg/analyzer/analyzer.go:148.37,150.16 2 5718
github.com/devmatic-it/debcvescan/pkg/analyzer/analyzer.go:150.16,151.44 1 212
github.com/devmatic-it/debcvescan/pkg/analyzer/analyzer.go:151.44,152.51 1 4514
[...]
github.com/devmatic-it/debcvescan/pkg/analyzer/analyzer.go:199.91,202.40 3 482
github.com/devmatic-it/debcvescan/pkg/analyzer/analyzer.go:207.8,207.24 1 482
github.com/devmatic-it/debcvescan/pkg/analyzer/analyzer.go:222.8,222.39 1 482
github.com/devmatic-it/debcvescan/pkg/analyzer/analyzer.go:228.8,228.27 1 482
github.com/devmatic-it/debcvescan/pkg/analyzer/analyzer.go:202.40,204.9 1 0
github.com/devmatic-it/debcvescan/pkg/analyzer/analyzer.go:208.18,209.27 1 343
github.com/devmatic-it/debcvescan/pkg/analyzer/analyzer.go:210.18,211.27 1 0
github.com/devmatic-it/debcvescan/pkg/analyzer/analyzer.go:212.20,213.29 1 0
github.com/devmatic-it/debcvescan/pkg/analyzer/analyzer.go:214.17,215.26 1 42
github.com/devmatic-it/debcvescan/pkg/analyzer/analyzer.go:216.20,217.29 1 97
github.com/devmatic-it/debcvescan/pkg/analyzer/analyzer.go:218.21,219.30 1 0
github.com/devmatic-it/debcvescan/pkg/analyzer/analyzer.go:222.39,223.90 1 482
github.com/devmatic-it/debcvescan/pkg/analyzer/analyzer.go:223.90,225.10 1 385
github.com/devmatic-it/debcvescan/pkg/analyzer/osinfo.go:25.43,30.16 5 2
github.com/devmatic-it/debcvescan/pkg/analyzer/osinfo.go:37.2,37.16 1 2
github.com/devmatic-it/debcvescan/pkg/analyzer/osinfo.go:55.2,55.30 1 2
github.com/devmatic-it/debcvescan/pkg/analyzer/osinfo.go:30.16,32.17 2 2
github.com/devmatic-it/debcvescan/pkg/analyzer/osinfo.go:32.17,34.4 1 2
github.com/devmatic-it/debcvescan/pkg/analyzer/osinfo.go:37.16,39.22 2 2
github.com/devmatic-it/debcvescan/pkg/analyzer/osinfo.go:51.3,51.39 1 2
github.com/devmatic-it/debcvescan/pkg/analyzer/osinfo.go:39.22,41.38 2 24
github.com/devmatic-it/debcvescan/pkg/analyzer/osinfo.go:41.38,43.5 1 2
github.com/devmatic-it/debcvescan/pkg/analyzer/osinfo.go:43.10,43.53 1 22
github.com/devmatic-it/debcvescan/pkg/analyzer/osinfo.go:43.53,46.5 2 2
github.com/devmatic-it/debcvescan/pkg/analyzer/osinfo.go:46.10,46.59 1 20
github.com/devmatic-it/debcvescan/pkg/analyzer/osinfo.go:46.59,48.5 1 2
github.com/devmatic-it/debcvescan/pkg/analyzer/osinfo.go:51.39,53.4 1 0
mode: atomic
github.com/devmatic-it/debcvescan/pkg/dpkg/dpkg.go:30.53,34.16 3 1
github.com/devmatic-it/debcvescan/pkg/dpkg/dpkg.go:39.2,43.21 5 1
github.com/devmatic-it/debcvescan/pkg/dpkg/dpkg.go:68.2,68.17 1 1
github.com/devmatic-it/debcvescan/pkg/dpkg/dpkg.go:34.16,37.3 2 0
github.com/devmatic-it/debcvescan/pkg/dpkg/dpkg.go:43.21,48.21 4 45248
github.com/devmatic-it/debcvescan/pkg/dpkg/dpkg.go:48.21,50.24 2 27914
github.com/devmatic-it/debcvescan/pkg/dpkg/dpkg.go:50.24,53.5 2 1819
github.com/devmatic-it/debcvescan/pkg/dpkg/dpkg.go:53.10,53.47 1 26095
github.com/devmatic-it/debcvescan/pkg/dpkg/dpkg.go:53.47,55.23 2 1112
github.com/devmatic-it/debcvescan/pkg/dpkg/dpkg.go:59.5,59.35 1 1112
github.com/devmatic-it/debcvescan/pkg/dpkg/dpkg.go:55.23,57.6 1 204
github.com/devmatic-it/debcvescan/pkg/dpkg/dpkg.go:60.10,60.30 1 24983
github.com/devmatic-it/debcvescan/pkg/dpkg/dpkg.go:60.30,61.45 1 1819
github.com/devmatic-it/debcvescan/pkg/dpkg/dpkg.go:61.45,63.6 1 1112
github.com/devmatic-it/debcvescan/pkg/dpkg/dpkg.go:72.52,77.32 3 9
github.com/devmatic-it/debcvescan/pkg/dpkg/dpkg.go:83.2,83.14 1 7
github.com/devmatic-it/debcvescan/pkg/dpkg/dpkg.go:77.32,78.56 1 9
github.com/devmatic-it/debcvescan/pkg/dpkg/dpkg.go:78.56,80.4 1 2
github.com/devmatic-it/debcvescan/pkg/analyzer/osinfo.go:25.43,30.16 5 2
github.com/devmatic-it/debcvescan/pkg/analyzer/osinfo.go:37.2,37.16 1 2
github.com/devmatic-it/debcvescan/pkg/analyzer/osinfo.go:55.2,55.30 1 2
github.com/devmatic-it/debcvescan/pkg/analyzer/osinfo.go:30.16,32.17 2 0
github.com/devmatic-it/debcvescan/pkg/analyzer/osinfo.go:32.17,34.4 1 0
github.com/devmatic-it/debcvescan/pkg/analyzer/osinfo.go:37.16,39.22 2 2
github.com/devmatic-it/debcvescan/pkg/analyzer/osinfo.go:51.3,51.39 1 2
github.com/devmatic-it/debcvescan/pkg/analyzer/osinfo.go:39.22,41.38 2 24
github.com/devmatic-it/debcvescan/pkg/analyzer/osinfo.go:41.38,43.5 1 2
github.com/devmatic-it/debcvescan/pkg/analyzer/osinfo.go:43.10,43.53 1 22
github.com/devmatic-it/debcvescan/pkg/analyzer/osinfo.go:43.53,46.5 2 2
github.com/devmatic-it/debcvescan/pkg/analyzer/osinfo.go:46.10,46.59 1 20
github.com/devmatic-it/debcvescan/pkg/analyzer/osinfo.go:46.59,48.5 1 2
github.com/devmatic-it/debcvescan/pkg/analyzer/osinfo.go:51.39,53.4 1 0
github.com/devmatic-it/debcvescan/pkg/analyzer/whitelist.go:35.31,38.16 3 11
github.com/devmatic-it/debcvescan/pkg/analyzer/whitelist.go:45.2,46.16 2 11
github.com/devmatic-it/debcvescan/pkg/analyzer/whitelist.go:50.2,50.15 1 11
github.com/devmatic-it/debcvescan/pkg/analyzer/whitelist.go:38.16,40.17 2 7
github.com/devmatic-it/debcvescan/pkg/analyzer/whitelist.go:40.17,42.4 1 0
github.com/devmatic-it/debcvescan/pkg/analyzer/whitelist.go:46.16,48.3 1 4
github.com/devmatic-it/debcvescan/pkg/analyzer/whitelist.go:54.62,56.15 2 6
github.com/devmatic-it/debcvescan/pkg/analyzer/whitelist.go:61.2,61.10 1 6
github.com/devmatic-it/debcvescan/pkg/analyzer/whitelist.go:56.15,58.3 1 5
github.com/devmatic-it/debcvescan/pkg/analyzer/whitelist.go:58.8,60.3 1 1
github.com/devmatic-it/debcvescan/pkg/analyzer/whitelist.go:65.67,67.15 2 2
github.com/devmatic-it/debcvescan/pkg/analyzer/whitelist.go:72.2,72.10 1 2
github.com/devmatic-it/debcvescan/pkg/analyzer/whitelist.go:67.15,69.3 1 2
github.com/devmatic-it/debcvescan/pkg/analyzer/whitelist.go:69.8,71.3 1 0
github.com/devmatic-it/debcvescan/pkg/analyzer/whitelist.go:76.43,78.14 2 3
github.com/devmatic-it/debcvescan/pkg/analyzer/whitelist.go:78.14,81.3 2 1
github.com/devmatic-it/debcvescan/pkg/analyzer/whitelist.go:85.48,87.14 2 1
github.com/devmatic-it/debcvescan/pkg/analyzer/whitelist.go:87.14,90.3 2 1
github.com/devmatic-it/debcvescan/pkg/analyzer/whitelist.go:94.45,96.2 1 486
github.com/devmatic-it/debcvescan/pkg/analyzer/whitelist.go:99.50,101.2 1 5718
github.com/devmatic-it/debcvescan/pkg/analyzer/whitelist.go:104.50,105.42 1 495
github.com/devmatic-it/debcvescan/pkg/analyzer/whitelist.go:111.2,111.11 1 491
github.com/devmatic-it/debcvescan/pkg/analyzer/whitelist.go:105.42,106.34 1 33
github.com/devmatic-it/debcvescan/pkg/analyzer/whitelist.go:106.34,108.4 1 4
github.com/devmatic-it/debcvescan/pkg/analyzer/whitelist.go:115.55,116.42 1 5721
github.com/devmatic-it/debcvescan/pkg/analyzer/whitelist.go:122.2,122.11 1 5720
github.com/devmatic-it/debcvescan/pkg/analyzer/whitelist.go:116.42,117.39 1 10
github.com/devmatic-it/debcvescan/pkg/analyzer/whitelist.go:117.39,119.4 1 1
github.com/devmatic-it/debcvescan/pkg/analyzer/whitelist.go:126.42,129.42 3 2
github.com/devmatic-it/debcvescan/pkg/analyzer/whitelist.go:135.2,135.26 1 2
github.com/devmatic-it/debcvescan/pkg/analyzer/whitelist.go:129.42,130.15 1 5
github.com/devmatic-it/debcvescan/pkg/analyzer/whitelist.go:130.15,133.4 2 3
github.com/devmatic-it/debcvescan/pkg/analyzer/whitelist.go:140.28,142.16 2 10
github.com/devmatic-it/debcvescan/pkg/analyzer/whitelist.go:146.2,147.16 2 10
github.com/devmatic-it/debcvescan/pkg/analyzer/whitelist.go:142.16,143.13 1 0
github.com/devmatic-it/debcvescan/pkg/analyzer/whitelist.go:147.16,148.13 1 0
github.com/devmatic-it/debcvescan/pkg/analyzer/analyzer.go:50.43,52.2 1 0
github.com/devmatic-it/debcvescan/pkg/analyzer/analyzer.go:100.51,101.17 1 482
github.com/devmatic-it/debcvescan/pkg/analyzer/analyzer.go:103.30,104.13 1 42
github.com/devmatic-it/debcvescan/pkg/analyzer/analyzer.go:106.39,107.16 1 0
github.com/devmatic-it/debcvescan/pkg/analyzer/analyzer.go:109.33,110.14 1 0
github.com/devmatic-it/debcvescan/pkg/analyzer/analyzer.go:112.26,113.14 1 343
github.com/devmatic-it/debcvescan/pkg/analyzer/analyzer.go:115.36,116.16 1 97
github.com/devmatic-it/debcvescan/pkg/analyzer/analyzer.go:118.10,119.17 1 0
github.com/devmatic-it/debcvescan/pkg/analyzer/analyzer.go:124.75,128.16 3 1
github.com/devmatic-it/debcvescan/pkg/analyzer/analyzer.go:146.2,147.26 2 1
github.com/devmatic-it/debcvescan/pkg/analyzer/analyzer.go:150.2,150.15 1 1
github.com/devmatic-it/debcvescan/pkg/analyzer/analyzer.go:128.16,132.17 3 1
github.com/devmatic-it/debcvescan/pkg/analyzer/analyzer.go:136.3,137.17 2 1
github.com/devmatic-it/debcvescan/pkg/analyzer/analyzer.go:141.3,141.64 1 1
github.com/devmatic-it/debcvescan/pkg/analyzer/analyzer.go:132.17,133.14 1 0
github.com/devmatic-it/debcvescan/pkg/analyzer/analyzer.go:137.17,138.14 1 0
github.com/devmatic-it/debcvescan/pkg/analyzer/analyzer.go:142.8,144.3 1 0
github.com/devmatic-it/debcvescan/pkg/analyzer/analyzer.go:147.26,149.3 1 1
github.com/devmatic-it/debcvescan/pkg/analyzer/analyzer.go:155.75,158.16 3 1
github.com/devmatic-it/debcvescan/pkg/analyzer/analyzer.go:162.2,163.16 2 1
github.com/devmatic-it/debcvescan/pkg/analyzer/analyzer.go:167.2,170.16 4 1
github.com/devmatic-it/debcvescan/pkg/analyzer/analyzer.go:158.16,159.13 1 0
github.com/devmatic-it/debcvescan/pkg/analyzer/analyzer.go:163.16,164.13 1 0
github.com/devmatic-it/debcvescan/pkg/analyzer/analyzer.go:170.16,172.3 1 1
github.com/devmatic-it/debcvescan/pkg/analyzer/analyzer.go:176.103,181.16 4 2
github.com/devmatic-it/debcvescan/pkg/analyzer/analyzer.go:185.2,188.37 4 2
github.com/devmatic-it/debcvescan/pkg/analyzer/analyzer.go:237.2,237.15 1 2
github.com/devmatic-it/debcvescan/pkg/analyzer/analyzer.go:181.16,182.13 1 0
github.com/devmatic-it/debcvescan/pkg/analyzer/analyzer.go:188.37,189.37 1 5718
github.com/devmatic-it/debcvescan/pkg/analyzer/analyzer.go:189.37,191.17 2 5718
github.com/devmatic-it/debcvescan/pkg/analyzer/analyzer.go:191.17,192.45 1 212
github.com/devmatic-it/debcvescan/pkg/analyzer/analyzer.go:192.45,193.52 1 4514
github.com/devmatic-it/debcvescan/pkg/analyzer/analyzer.go:193.52,194.87 1 22094
github.com/devmatic-it/debcvescan/pkg/analyzer/analyzer.go:198.7,199.91 2 21800
github.com/devmatic-it/debcvescan/pkg/analyzer/analyzer.go:194.87,195.16 1 294
github.com/devmatic-it/debcvescan/pkg/analyzer/analyzer.go:199.91,202.40 3 482
github.com/devmatic-it/debcvescan/pkg/analyzer/analyzer.go:207.8,207.24 1 482
github.com/devmatic-it/debcvescan/pkg/analyzer/analyzer.go:222.8,222.39 1 482
github.com/devmatic-it/debcvescan/pkg/analyzer/analyzer.go:228.8,228.27 1 482
github.com/devmatic-it/debcvescan/pkg/analyzer/analyzer.go:202.40,204.9 1 0
github.com/devmatic-it/debcvescan/pkg/analyzer/analyzer.go:208.18,209.27 1 343
github.com/devmatic-it/debcvescan/pkg/analyzer/analyzer.go:210.18,211.27 1 0
github.com/devmatic-it/debcvescan/pkg/analyzer/analyzer.go:212.20,213.29 1 0
github.com/devmatic-it/debcvescan/pkg/analyzer/analyzer.go:214.17,215.26 1 42
github.com/devmatic-it/debcvescan/pkg/analyzer/analyzer.go:216.20,217.29 1 97
github.com/devmatic-it/debcvescan/pkg/analyzer/analyzer.go:218.21,219.30 1 0
github.com/devmatic-it/debcvescan/pkg/analyzer/analyzer.go:222.39,223.90 1 482
github.com/devmatic-it/debcvescan/pkg/analyzer/analyzer.go:223.90,225.10 1 385
mode: atomic
github.com/devmatic-it/debcvescan/pkg/dpkg/dpkg.go:30.53,34.16 3 1
github.com/devmatic-it/debcvescan/pkg/dpkg/dpkg.go:39.2,43.21 5 1
github.com/devmatic-it/debcvescan/pkg/dpkg/dpkg.go:68.2,68.17 1 1
github.com/devmatic-it/debcvescan/pkg/dpkg/dpkg.go:34.16,37.3 2 0
github.com/devmatic-it/debcvescan/pkg/dpkg/dpkg.go:43.21,48.21 4 45248
github.com/devmatic-it/debcvescan/pkg/dpkg/dpkg.go:48.21,50.24 2 27914
github.com/devmatic-it/debcvescan/pkg/dpkg/dpkg.go:50.24,53.5 2 1819
github.com/devmatic-it/debcvescan/pkg/dpkg/dpkg.go:53.10,53.47 1 26095
github.com/devmatic-it/debcvescan/pkg/dpkg/dpkg.go:53.47,55.23 2 1112
github.com/devmatic-it/debcvescan/pkg/dpkg/dpkg.go:59.5,59.35 1 1112
github.com/devmatic-it/debcvescan/pkg/dpkg/dpkg.go:55.23,57.6 1 204
github.com/devmatic-it/debcvescan/pkg/dpkg/dpkg.go:60.10,60.30 1 24983
github.com/devmatic-it/debcvescan/pkg/dpkg/dpkg.go:60.30,61.45 1 1819
github.com/devmatic-it/debcvescan/pkg/dpkg/dpkg.go:61.45,63.6 1 1112
github.com/devmatic-it/debcvescan/pkg/dpkg/dpkg.go:72.52,77.32 3 9
github.com/devmatic-it/debcvescan/pkg/dpkg/dpkg.go:83.2,83.14 1 7
github.com/devmatic-it/debcvescan/pkg/dpkg/dpkg.go:77.32,78.56 1 9
github.com/devmatic-it/debcvescan/pkg/dpkg/dpkg.go:78.56,80.4 1 2
github.com/devmatic-it/debcvescan/pkg/analyzer/whitelist.go:35.31,38.16 3 11
github.com/devmatic-it/debcvescan/pkg/analyzer/whitelist.go:45.2,46.16 2 11
github.com/devmatic-it/debcvescan/pkg/analyzer/whitelist.go:50.2,50.15 1 11
github.com/devmatic-it/debcvescan/pkg/analyzer/whitelist.go:38.16,40.17 2 7
github.com/devmatic-it/debcvescan/pkg/analyzer/whitelist.go:40.17,42.4 1 0
github.com/devmatic-it/debcvescan/pkg/analyzer/whitelist.go:46.16,48.3 1 4
github.com/devmatic-it/debcvescan/pkg/analyzer/whitelist.go:54.62,56.15 2 6
github.com/devmatic-it/debcvescan/pkg/analyzer/whitelist.go:61.2,61.10 1 6
github.com/devmatic-it/debcvescan/pkg/analyzer/whitelist.go:56.15,58.3 1 5
github.com/devmatic-it/debcvescan/pkg/analyzer/whitelist.go:58.8,60.3 1 1
github.com/devmatic-it/debcvescan/pkg/analyzer/whitelist.go:65.67,67.15 2 2
github.com/devmatic-it/debcvescan/pkg/analyzer/whitelist.go:72.2,72.10 1 2
github.com/devmatic-it/debcvescan/pkg/analyzer/whitelist.go:67.15,69.3 1 2
github.com/devmatic-it/debcvescan/pkg/analyzer/whitelist.go:69.8,71.3 1 0
github.com/devmatic-it/debcvescan/pkg/analyzer/whitelist.go:76.43,78.14 2 3
github.com/devmatic-it/debcvescan/pkg/analyzer/whitelist.go:78.14,81.3 2 1
github.com/devmatic-it/debcvescan/pkg/analyzer/whitelist.go:85.48,87.14 2 1
github.com/devmatic-it/debcvescan/pkg/analyzer/whitelist.go:87.14,90.3 2 1
github.com/devmatic-it/debcvescan/pkg/analyzer/whitelist.go:94.45,96.2 1 486
github.com/devmatic-it/debcvescan/pkg/analyzer/whitelist.go:99.50,101.2 1 5718
github.com/devmatic-it/debcvescan/pkg/analyzer/whitelist.go:104.50,105.42 1 495
github.com/devmatic-it/debcvescan/pkg/analyzer/whitelist.go:111.2,111.11 1 491
github.com/devmatic-it/debcvescan/pkg/analyzer/whitelist.go:105.42,106.34 1 33
github.com/devmatic-it/debcvescan/pkg/analyzer/whitelist.go:106.34,108.4 1 4
github.com/devmatic-it/debcvescan/pkg/analyzer/whitelist.go:115.55,116.42 1 5721
github.com/devmatic-it/debcvescan/pkg/analyzer/whitelist.go:122.2,122.11 1 5720
github.com/devmatic-it/debcvescan/pkg/analyzer/whitelist.go:116.42,117.39 1 10
github.com/devmatic-it/debcvescan/pkg/analyzer/whitelist.go:117.39,119.4 1 1
github.com/devmatic-it/debcvescan/pkg/analyzer/whitelist.go:126.42,129.42 3 2
github.com/devmatic-it/debcvescan/pkg/analyzer/whitelist.go:135.2,135.26 1 2
github.com/devmatic-it/debcvescan/pkg/analyzer/whitelist.go:129.42,130.15 1 5
github.com/devmatic-it/debcvescan/pkg/analyzer/whitelist.go:130.15,133.4 2 3
github.com/devmatic-it/debcvescan/pkg/analyzer/whitelist.go:140.28,142.16 2 10
github.com/devmatic-it/debcvescan/pkg/analyzer/whitelist.go:146.2,147.16 2 10
github.com/devmatic-it/debcvescan/pkg/analyzer/whitelist.go:142.16,143.13 1 0
github.com/devmatic-it/debcvescan/pkg/analyzer/whitelist.go:147.16,148.13 1 0
github.com/devmatic-it/debcvescan/pkg/analyzer/analyzer.go:51.43,53.2 1 15
github.com/devmatic-it/debcvescan/pkg/analyzer/analyzer.go:101.51,102.17 1 482
github.com/devmatic-it/debcvescan/pkg/analyzer/analyzer.go:104.30,105.13 1 42
github.com/devmatic-it/debcvescan/pkg/analyzer/analyzer.go:107.39,108.16 1 0
github.com/devmatic-it/debcvescan/pkg/analyzer/analyzer.go:110.33,111.14 1 0
github.com/devmatic-it/debcvescan/pkg/analyzer/analyzer.go:113.26,114.14 1 343
github.com/devmatic-it/debcvescan/pkg/analyzer/analyzer.go:116.36,117.16 1 97
github.com/devmatic-it/debcvescan/pkg/analyzer/analyzer.go:119.10,120.17 1 0
github.com/devmatic-it/debcvescan/pkg/analyzer/analyzer.go:125.75,129.16 3 1
github.com/devmatic-it/debcvescan/pkg/analyzer/analyzer.go:147.2,148.26 2 1
github.com/devmatic-it/debcvescan/pkg/analyzer/analyzer.go:151.2,151.15 1 1
github.com/devmatic-it/debcvescan/pkg/analyzer/analyzer.go:129.16,133.17 3 1
github.com/devmatic-it/debcvescan/pkg/analyzer/analyzer.go:137.3,138.17 2 1
github.com/devmatic-it/debcvescan/pkg/analyzer/analyzer.go:142.3,142.64 1 1
github.com/devmatic-it/debcvescan/pkg/analyzer/analyzer.go:133.17,134.14 1 0
github.com/devmatic-it/debcvescan/pkg/analyzer/analyzer.go:138.17,139.14 1 0
github.com/devmatic-it/debcvescan/pkg/analyzer/analyzer.go:143.8,145.3 1 0
github.com/devmatic-it/debcvescan/pkg/analyzer/analyzer.go:148.26,150.3 1 1
github.com/devmatic-it/debcvescan/pkg/analyzer/analyzer.go:156.76,159.16 3 1
github.com/devmatic-it/debcvescan/pkg/analyzer/analyzer.go:163.2,164.16 2 1
github.com/devmatic-it/debcvescan/pkg/analyzer/analyzer.go:168.2,171.16 4 1
github.com/devmatic-it/debcvescan/pkg/analyzer/analyzer.go:175.2,175.53 1 1
github.com/devmatic-it/debcvescan/pkg/analyzer/analyzer.go:159.16,160.13 1 0
github.com/devmatic-it/debcvescan/pkg/analyzer/analyzer.go:164.16,165.13 1 0
github.com/devmatic-it/debcvescan/pkg/analyzer/analyzer.go:171.16,173.3 1 1
github.com/devmatic-it/debcvescan/pkg/analyzer/analyzer.go:175.53,176.42 1 193
github.com/devmatic-it/debcvescan/pkg/analyzer/analyzer.go:176.42,177.22 1 1922280
github.com/devmatic-it/debcvescan/pkg/analyzer/analyzer.go:177.22,179.15 2 56
github.com/devmatic-it/debcvescan/pkg/analyzer/analyzer.go:179.15,181.44 1 56
github.com/devmatic-it/debcvescan/pkg/analyzer/analyzer.go:181.44,184.7 2 15
github.com/devmatic-it/debcvescan/pkg/analyzer/analyzer.go:192.103,197.16 4 2
github.com/devmatic-it/debcvescan/pkg/analyzer/analyzer.go:201.2,204.37 4 2
github.com/devmatic-it/debcvescan/pkg/analyzer/analyzer.go:253.2,253.15 1 2
github.com/devmatic-it/debcvescan/pkg/analyzer/analyzer.go:197.16,198.13 1 0
github.com/devmatic-it/debcvescan/pkg/analyzer/analyzer.go:204.37,205.37 1 5718
github.com/devmatic-it/debcvescan/pkg/analyzer/analyzer.go:205.37,207.17 2 5718
github.com/devmatic-it/debcvescan/pkg/analyzer/analyzer.go:207.17,208.45 1 212
github.com/devmatic-it/debcvescan/pkg/analyzer/analyzer.go:208.45,209.52 1 4514
github.com/devmatic-it/debcvescan/pkg/analyzer/analyzer.go:209.52,210.87 1 22094
github.com/devmatic-it/debcvescan/pkg/analyzer/analyzer.go:214.7,215.91 2 21800
github.com/devmatic-it/debcvescan/pkg/analyzer/analyzer.go:210.87,211.16 1 294
github.com/devmatic-it/debcvescan/pkg/analyzer/analyzer.go:215.91,218.40 3 482
github.com/devmatic-it/debcvescan/pkg/analyzer/analyzer.go:223.8,223.24 1 482
github.com/devmatic-it/debcvescan/pkg/analyzer/analyzer.go:238.8,238.39 1 482
github.com/devmatic-it/debcvescan/pkg/analyzer/analyzer.go:244.8,244.27 1 482
github.com/devmatic-it/debcvescan/pkg/analyzer/analyzer.go:218.40,220.9 1 0
github.com/devmatic-it/debcvescan/pkg/analyzer/analyzer.go:224.18,225.27 1 343
github.com/devmatic-it/debcvescan/pkg/analyzer/analyzer.go:226.18,227.27 1 0
github.com/devmatic-it/debcvescan/pkg/analyzer/analyzer.go:228.20,229.29 1 0
github.com/devmatic-it/debcvescan/pkg/analyzer/analyzer.go:230.17,231.26 1 42
github.com/devmatic-it/debcvescan/pkg/analyzer/analyzer.go:232.20,233.29 1 97
github.com/devmatic-it/debcvescan/pkg/analyzer/analyzer.go:234.21,235.30 1 0
github.com/devmatic-it/debcvescan/pkg/analyzer/analyzer.go:238.39,239.90 1 482
github.com/devmatic-it/debcvescan/pkg/analyzer/analyzer.go:239.90,241.10 1 385
github.com/devmatic-it/debcvescan/pkg/analyzer/osinfo.go:25.43,30.16 5 2
github.com/devmatic-it/debcvescan/pkg/analyzer/osinfo.go:37.2,37.16 1 2
github.com/devmatic-it/debcvescan/pkg/analyzer/osinfo.go:55.2,55.30 1 2
github.com/devmatic-it/debcvescan/pkg/analyzer/osinfo.go:30.16,32.17 2 0
github.com/devmatic-it/debcvescan/pkg/analyzer/osinfo.go:32.17,34.4 1 0
github.com/devmatic-it/debcvescan/pkg/analyzer/osinfo.go:37.16,39.22 2 2
github.com/devmatic-it/debcvescan/pkg/analyzer/osinfo.go:51.3,51.39 1 2
github.com/devmatic-it/debcvescan/pkg/analyzer/osinfo.go:39.22,41.38 2 24
github.com/devmatic-it/debcvescan/pkg/analyzer/osinfo.go:41.38,43.5 1 2
github.com/devmatic-it/debcvescan/pkg/analyzer/osinfo.go:43.10,43.53 1 22
github.com/devmatic-it/debcvescan/pkg/analyzer/osinfo.go:43.53,46.5 2 2
github.com/devmatic-it/debcvescan/pkg/analyzer/osinfo.go:46.10,46.59 1 20
github.com/devmatic-it/debcvescan/pkg/analyzer/osinfo.go:46.59,48.5 1 2
github.com/devmatic-it/debcvescan/pkg/analyzer/osinfo.go:51.39,53.4 1 0
